<?xml version="1.0" encoding="UTF-8"?>
<testsuite name="com.itheima.task.TaskApplicationTests" time="0.002" tests="1" errors="1" skipped="0" failures="0">
  <properties>
[...]
</properties>
  <testcase name="contextLoads" classname="com.itheima.task.TaskApplicationTests" time="0.002">
    <error message="Failed to load ApplicationContext" type="java.lang.IllegalStateException">java.lang.IllegalStateException: Failed to load ApplicationContext
	at org.springframework.test.context.cache.DefaultCacheAwareContextLoaderDelegate.loadContext(DefaultCacheAwareContextLoaderDelegate.java:124)
	at org.springframework.test.context.support.DefaultTestContext.getApplicationContext(DefaultTestContext.java:83)
	at org.springframework.test.context.web.ServletTestExecutionListener.setUpRequestContextIfNecessary(ServletTestExecutionListener.java:189)
	at org.springframework.test.context.web.ServletTestExecutionListener.prepareTestInstance(ServletTestExecutionListener.java:131)
	at org.springframework.test.context.TestContextManager.prepareTestInstance(TestContextManager.java:230)
	at org.springframework.test.context.junit4.SpringJUnit4ClassRunner.createTest(SpringJUnit4ClassRunner.java:228)
	at org.springframework.test.context.junit4.SpringJUnit4ClassRunner$1.runReflectiveCall(SpringJUnit4ClassRunner.java:287)
	at org.junit.internal.runners.model.ReflectiveCallable.run(ReflectiveCallable.java:12)
	at org.springframework.test.context.junit4.SpringJUnit4ClassRunner.methodBlock(SpringJUnit4ClassRunner.java:289)
	at org.springframework.test.context.junit4.SpringJUnit4ClassRunner.runChild(SpringJUnit4ClassRunner.java:247)
	at org.springframework.test.context.junit4.SpringJUnit4ClassRunner.runChild(SpringJUnit4ClassRunner.java:94)
	at org.junit.runners.ParentRunner$3.run(ParentRunner.java:290)
	at org.junit.runners.ParentRunner$1.schedule(ParentRunner.java:71)
	at org.junit.runners.ParentRunner.runChildren(ParentRunner.java:288)
	at org.junit.runners.ParentRunner.access$000(ParentRunner.java:58)
	at org.junit.runners.ParentRunner$2.evaluate(ParentRunner.java:268)
	at org.springframework.test.context.junit4.statements.RunBeforeTestClassCallbacks.evaluate(RunBeforeTestClassCallbacks.java:61)
	at org.springframework.test.context.junit4.statements.RunAfterTestClassCallbacks.evaluate(RunAfterTestClassCallbacks.java:70)
	at org.junit.runners.ParentRunner.run(ParentRunner.java:363)
	at org.springframework.test.context.junit4.SpringJUnit4ClassRunner.run(SpringJUnit4ClassRunner.java:191)
	at org.apache.maven.surefire.junit4.JUnit4Provider.execute(JUnit4Provider.java:283)
	at org.apache.maven.surefire.junit4.JUnit4Provider.executeWithRerun(JUnit4Provider.java:173)
	at org.apache.maven.surefire.junit4.JUnit4Provider.executeTestSet(JUnit4Provider.java:153)
	at org.apache.maven.surefire.junit4.JUnit4Provider.invoke(JUnit4Provider.java:128)
	at org.apache.maven.surefire.booter.ForkedBooter.invokeProviderInSameClassLoader(ForkedBooter.java:203)
	at org.apache.maven.surefire.booter.ForkedBooter.runSuitesInProcess(ForkedBooter.java:155)
	at org.apache.maven.surefire.booter.ForkedBooter.main(ForkedBooter.java:103)
Caused by: org.springframework.beans.factory.BeanCreationException: Error creating bean with name 'myTask': Injection of resource dependencies failed; nested exception is org.springframework.beans.factory.BeanCreationException: Error creating bean with name 'taskConfig': Injection of autowired dependencies failed; nested exception is java.lang.IllegalArgumentException: Circular placeholder reference 'task.ip' in property definitions
	at org.springframework.context.annotation.CommonAnnotationBeanPostProcessor.postProcessPropertyValues(CommonAnnotationBeanPostProcessor.java:321)
	at org.springframework.beans.factory.support.AbstractAutowireCapableBeanFactory.populateBean(AbstractAutowireCapableBeanFactory.java:1269)
	at org.springframework.beans.factory.support.AbstractAutowireCapableBeanFactory.doCreateBean(AbstractAutowireCapableBeanFactory.java:551)
	at org.springframework.beans.factory.support.AbstractAutowireCapableBeanFactory.createBean(AbstractAutowireCapableBeanFactory.java:481)
	at org.springframework.beans.factory.support.AbstractBeanFactory$1.getObject(AbstractBeanFactory.java:312)
	at org.springframework.beans.factory.support.DefaultSingletonBeanRegistry.getSingleton(DefaultSingletonBeanRegistry.java:230)
	at org.springframework.beans.factory.support.AbstractBeanFactory.doGetBean(AbstractBeanFactory.java:308)
	at org.springframework.beans.factory.support.AbstractBeanFactory.getBean(AbstractBeanFactory.java:197)
	at org.springframework.beans.factory.support.DefaultListableBeanFactory.preInstantiateSingletons(DefaultListableBeanFactory.java:761)
	at org.springframework.context.support.AbstractApplicationContext.finishBeanFactoryInitialization(AbstractApplicationContext.java:867)
	at org.springframework.context.support.AbstractApplicationContext.refresh(AbstractApplicationContext.java:543)
	at org.springframework.boot.SpringApplication.refresh(SpringApplication.java:693)
	at org.springframework.boot.SpringApplication.refreshContext(SpringApplication.java:360)
	at org.springframework.boot.SpringApplication.run(SpringApplication.java:303)
	at org.springframework.boot.test.context.SpringBootContextLoader.loadContext(SpringBootContextLoader.java:121)
	at org.springframework.test.context.cache.DefaultCacheAwareContextLoaderDelegate.loadContextInternal(DefaultCacheAwareContextLoaderDelegate.java:98)
	at org.springframework.test.context.cache.DefaultCacheAwareContextLoaderDelegate.loadContext(DefaultCacheAwareContextLoaderDelegate.java:116)
	at org.springframework.test.context.support.DefaultTestContext.getApplicationContext(DefaultTestContext.java:83)
	at org.springframework.test.context.web.ServletTestExecutionListener.setUpRequestContextIfNecessary(ServletTestExecutionListener.java:189)
	at org.springframework.test.context.web.ServletTestExecutionListener.prepareTestInstance(ServletTestExecutionListener.java:131)
	at org.springframework.test.context.TestContextManager.prepareTestInstance(TestContextManager.java:230)
	at org.springframework.test.context.junit4.SpringJUnit4ClassRunner.createTest(SpringJUnit4ClassRunner.java:228)
	at org.springframework.test.context.junit4.SpringJUnit4ClassRunner$1.runReflectiveCall(SpringJUnit4ClassRunner.java:287)
	at org.junit.internal.runners.model.ReflectiveCallable.run(ReflectiveCallable.java:12)
	at org.springframework.test.context.junit4.SpringJUnit4ClassRunner.methodBlock(SpringJUnit4ClassRunner.java:289)
	at org.springframework.test.context.junit4.SpringJUnit4ClassRunner.runChild(SpringJUnit4ClassRunner.java:247)
	at org.springframework.test.context.junit4.SpringJUnit4ClassRunner.runChild(SpringJUnit4ClassRunner.java:94)
	at org.junit.runners.ParentRunner$3.run(ParentRunner.java:290)
	at org.junit.runners.ParentRunner$1.schedule(ParentRunner.java:71)
	at org.junit.runners.ParentRunner.runChildren(ParentRunner.java:288)
	at org.junit.runners.ParentRunner.access$000(ParentRunner.java:58)
	at org.junit.runners.ParentRunner$2.evaluate(ParentRunner.java:268)
	at org.springframework.test.context.junit4.statements.RunBeforeTestClassCallbacks.evaluate(RunBeforeTestClassCallbacks.java:61)
	at org.springframework.test.context.junit4.statements.RunAfterTestClassCallbacks.evaluate(RunAfterTestClassCallbacks.java:70)
	at org.junit.runners.ParentRunner.run(ParentRunner.java:363)
	at org.springframework.test.context.junit4.SpringJUnit4ClassRunner.run(SpringJUnit4ClassRunner.java:191)
	at org.apache.maven.surefire.junit4.JUnit4Provider.execute(JUnit4Provider.java:283)
	at org.apache.maven.surefire.junit4.JUnit4Provider.executeWithRerun(JUnit4Provider.java:173)
	at org.apache.maven.surefire.junit4.JUnit4Provider.executeTestSet(JUnit4Provider.java:153)
	at org.apache.maven.surefire.junit4.JUnit4Provider.invoke(JUnit4Provider.java:128)
	at org.apache.maven.surefire.booter.ForkedBooter.invokeProviderInSameClassLoader(ForkedBooter.java:203)
	at org.apache.maven.surefire.booter.ForkedBooter.runSuitesInProcess(ForkedBooter.java:155)
	at org.apache.maven.surefire.booter.ForkedBooter.main(ForkedBooter.java:103)
Caused by: org.springframework.beans.factory.BeanCreationException: Error creating bean with name 'taskConfig': Injection of autowired dependencies failed; nested exception is java.lang.IllegalArgumentException: Circular placeholder reference 'task.ip' in property definitions
	at org.springframework.beans.factory.annotation.AutowiredAnnotationBeanPostProcessor.postProcessPropertyValues(AutowiredAnnotationBeanPostProcessor.java:370)
	at org.springframework.beans.factory.support.AbstractAutowireCapableBeanFactory.populateBean(AbstractAutowireCapableBeanFactory.java:1269)
	at org.springframework.beans.factory.support.AbstractAutowireCapableBeanFactory.doCreateBean(AbstractAutowireCapableBeanFactory.java:551)
	at org.springframework.beans.factory.support.AbstractAutowireCapableBeanFactory.createBean(AbstractAutowireCapableBeanFactory.java:481)
	at org.springframework.beans.factory.support.AbstractBeanFactory$1.getObject(AbstractBeanFactory.java:312)
	at org.springframework.beans.factory.support.DefaultSingletonBeanRegistry.getSingleton(DefaultSingletonBeanRegistry.java:230)
	at org.springframework.beans.factory.support.AbstractBeanFactory.doGetBean(AbstractBeanFactory.java:308)
	at org.springframework.beans.factory.support.AbstractBeanFactory.getBean(AbstractBeanFactory.java:202)
	at org.springframework.context.annotation.CommonAnnotationBeanPostProcessor.autowireResource(CommonAnnotationBeanPostProcessor.java:522)
	at org.springframework.context.annotation.CommonAnnotationBeanPostProcessor.getResource(CommonAnnotationBeanPostProcessor.java:496)
	at org.springframework.context.annotation.CommonAnnotationBeanPostProcessor$ResourceElement.getResourceToInject(CommonAnnotationBeanPostProcessor.java:627)
	at org.springframework.beans.factory.annotation.InjectionMetadata$InjectedElement.inject(InjectionMetadata.java:171)
	at org.springframework.beans.factory.annotation.InjectionMetadata.inject(InjectionMetadata.java:87)
	at org.springframework.context.annotation.CommonAnnotationBeanPostProcessor.postProcessPropertyValues(CommonAnnotationBeanPostProcessor.java:318)
	at org.springframework.beans.factory.support.AbstractAutowireCapableBeanFactory.populateBean(AbstractAutowireCapableBeanFactory.java:1269)
	at org.springframework.beans.factory.support.AbstractAutowireCapableBeanFactory.doCreateBean(AbstractAutowireCapableBeanFactory.java:551)
	at org.springframework.beans.factory.support.AbstractAutowireCapableBeanFactory.createBean(AbstractAutowireCapableBeanFactory.java:481)
	at org.springframework.beans.factory.support.AbstractBeanFactory$1.getObject(AbstractBeanFactory.java:312)
	at org.springframework.beans.factory.support.DefaultSingletonBeanRegistry.getSingleton(DefaultSingletonBeanRegistry.java:230)
	at org.springframework.beans.factory.support.AbstractBeanFactory.doGetBean(AbstractBeanFactory.java:308)
	at org.springframework.beans.factory.support.AbstractBeanFactory.getBean(AbstractBeanFactory.java:197)
	at org.springframework.beans.factory.support.DefaultListableBeanFactory.preInstantiateSingletons(DefaultListableBeanFactory.java:761)
	at org.springframework.context.support.AbstractApplicationContext.finishBeanFactoryInitialization(AbstractApplicationContext.java:867)
	at org.springframework.context.support.AbstractApplicationContext.refresh(AbstractApplicationContext.java:543)
	at org.springframework.boot.SpringApplication.refresh(SpringApplication.java:693)
	at org.springframework.boot.SpringApplication.refreshContext(SpringApplication.java:360)
	at org.springframework.boot.SpringApplication.run(SpringApplication.java:303)
	at org.springframework.boot.test.context.SpringBootContextLoader.loadContext(SpringBootContextLoader.java:121)
	at org.springframework.test.context.cache.DefaultCacheAwareContextLoaderDelegate.loadContextInternal(DefaultCacheAwareContextLoaderDelegate.java:98)
	at org.springframework.test.context.cache.DefaultCacheAwareContextLoaderDelegate.loadContext(DefaultCacheAwareContextLoaderDelegate.java:116)
	at org.springframework.test.context.support.DefaultTestContext.getApplicationContext(DefaultTestContext.java:83)
	at org.springframework.test.context.web.ServletTestExecutionListener.setUpRequestContextIfNecessary(ServletTestExecutionListener.java:189)
	at org.springframework.test.context.web.ServletTestExecutionListener.prepareTestInstance(ServletTestExecutionListener.java:131)
	at org.springframework.test.context.TestContextManager.prepareTestInstance(TestContextManager.java:230)
	at org.springframework.test.context.junit4.SpringJUnit4ClassRunner.createTest(SpringJUnit4ClassRunner.java:228)
	at org.springframework.test.context.junit4.SpringJUnit4ClassRunner$1.runReflectiveCall(SpringJUnit4ClassRunner.java:287)
	at org.junit.internal.runners.model.ReflectiveCallable.run(ReflectiveCallable.java:12)
	at org.springframework.test.context.junit4.SpringJUnit4ClassRunner.methodBlock(SpringJUnit4ClassRunner.java:289)
	at org.springframework.test.context.junit4.SpringJUnit4ClassRunner.runChild(SpringJUnit4ClassRunner.java:247)
	at org.springframework.test.context.junit4.SpringJUnit4ClassRunner.runChild(SpringJUnit4ClassRunner.java:94)
	at org.junit.runners.ParentRunner$3.run(ParentRunner.java:290)
	at org.junit.runners.ParentRunner$1.schedule(ParentRunner.java:71)
	at org.junit.runners.ParentRunner.runChildren(ParentRunner.java:288)
	at org.junit.runners.ParentRunner.access$000(ParentRunner.java:58)
	at org.junit.runners.ParentRunner$2.evaluate(ParentRunner.java:268)
	at org.springframework.test.context.junit4.statements.RunBeforeTestClassCallbacks.evaluate(RunBeforeTestClassCallbacks.java:61)
	at org.springframework.test.context.junit4.statements.RunAfterTestClassCallbacks.evaluate(RunAfterTestClassCallbacks.java:70)
	at org.junit.runners.ParentRunner.run(ParentRunner.java:363)
	at org.springframework.test.context.junit4.SpringJUnit4ClassRunner.run(SpringJUnit4ClassRunner.java:191)
	at org.apache.maven.surefire.junit4.JUnit4Provider.execute(JUnit4Provider.java:283)
	at org.apache.maven.surefire.junit4.JUnit4Provider.executeWithRerun(JUnit4Provider.java:173)
	at org.apache.maven.surefire.junit4.JUnit4Provider.executeTestSet(JUnit4Provider.java:153)
	at org.apache.maven.surefire.junit4.JUnit4Provider.invoke(JUnit4Provider.java:128)
	at org.apache.maven.surefire.booter.ForkedBooter.invokeProviderInSameClassLoader(ForkedBooter.java:203)
	at org.apache.maven.surefire.booter.ForkedBooter.runSuitesInProcess(ForkedBooter.java:155)
	at org.apache.maven.surefire.booter.ForkedBooter.main(ForkedBooter.java:103)
Caused by: java.lang.IllegalArgumentException: Circular placeholder reference 'task.ip' in property definitions
	at org.springframework.util.PropertyPlaceholderHelper.parseStringValue(PropertyPlaceholderHelper.java:141)
	at org.springframework.util.PropertyPlaceholderHelper.parseStringValue(PropertyPlaceholderHelper.java:162)
	at org.springframework.util.PropertyPlaceholderHelper.replacePlaceholders(PropertyPlaceholderHelper.java:126)
	at org.springframework.core.env.AbstractPropertyResolver.doResolvePlaceholders(AbstractPropertyResolver.java:236)
	at org.springframework.core.env.AbstractPropertyResolver.resolveRequiredPlaceholders(AbstractPropertyResolver.java:210)
	at org.springframework.core.env.AbstractPropertyResolver.resolveNestedPlaceholders(AbstractPropertyResolver.java:227)
	at org.springframework.core.env.PropertySourcesPropertyResolver.getProperty(PropertySourcesPropertyResolver.java:84)
	at org.springframework.core.env.PropertySourcesPropertyResolver.getProperty(PropertySourcesPropertyResolver.java:61)
	at org.springframework.core.env.AbstractEnvironment.getProperty(AbstractEnvironment.java:531)
	at org.springframework.context.support.PropertySourcesPlaceholderConfigurer$1.getProperty(PropertySourcesPlaceholderConfigurer.java:132)
	at org.springframework.context.support.PropertySourcesPlaceholderConfigurer$1.getProperty(PropertySourcesPlaceholderConfigurer.java:129)
	at org.springframework.core.env.PropertySourcesPropertyResolver.getProperty(PropertySourcesPropertyResolver.java:81)
	at org.springframework.core.env.PropertySourcesPropertyResolver.getPropertyAsRawString(PropertySourcesPropertyResolver.java:71)
	at org.springframework.core.env.AbstractPropertyResolver$1.resolvePlaceholder(AbstractPropertyResolver.java:239)
	at org.springframework.util.PropertyPlaceholderHelper.parseStringValue(PropertyPlaceholderHelper.java:147)
	at org.springframework.util.PropertyPlaceholderHelper.replacePlaceholders(PropertyPlaceholderHelper.java:126)
	at org.springframework.core.env.AbstractPropertyResolver.doResolvePlaceholders(AbstractPropertyResolver.java:236)
	at org.springframework.core.env.AbstractPropertyResolver.resolveRequiredPlaceholders(AbstractPropertyResolver.java:210)
	at org.springframework.context.support.PropertySourcesPlaceholderConfigurer$2.resolveStringValue(PropertySourcesPlaceholderConfigurer.java:172)
	at org.springframework.beans.factory.support.AbstractBeanFactory.resolveEmbeddedValue(AbstractBeanFactory.java:846)
	at org.springframework.beans.factory.support.DefaultListableBeanFactory.doResolveDependency(DefaultListableBeanFactory.java:1084)
	at org.springframework.beans.factory.support.DefaultListableBeanFactory.resolveDependency(DefaultListableBeanFactory.java:1064)
	at org.springframework.beans.factory.annotation.AutowiredAnnotationBeanPostProcessor$AutowiredFieldElement.inject(AutowiredAnnotationBeanPostProcessor.java:583)
	at org.springframework.beans.factory.annotation.InjectionMetadata.inject(InjectionMetadata.java:87)
	at org.springframework.beans.factory.annotation.AutowiredAnnotationBeanPostProcessor.postProcessPropertyValues(AutowiredAnnotationBeanPostProcessor.java:364)
	at org.springframework.beans.factory.support.AbstractAutowireCapableBeanFactory.populateBean(AbstractAutowireCapableBeanFactory.java:1269)
	at org.springframework.beans.factory.support.AbstractAutowireCapableBeanFactory.doCreateBean(AbstractAutowireCapableBeanFactory.java:551)
	at org.springframework.beans.factory.support.AbstractAutowireCapableBeanFactory.createBean(AbstractAutowireCapableBeanFactory.java:481)
	at org.springframework.beans.factory.support.AbstractBeanFactory$1.getObject(AbstractBeanFactory.java:312)
	at org.springframework.beans.factory.support.DefaultSingletonBeanRegistry.getSingleton(DefaultSingletonBeanRegistry.java:230)
	at org.springframework.beans.factory.support.AbstractBeanFactory.doGetBean(AbstractBeanFactory.java:308)
	at org.springframework.beans.factory.support.AbstractBeanFactory.getBean(AbstractBeanFactory.java:202)
	at org.springframework.context.annotation.CommonAnnotationBeanPostProcessor.autowireResource(CommonAnnotationBeanPostProcessor.java:522)
	at org.springframework.context.annotation.CommonAnnotationBeanPostProcessor.getResource(CommonAnnotationBeanPostProcessor.java:496)
	at org.springframework.context.annotation.CommonAnnotationBeanPostProcessor$ResourceElement.getResourceToInject(CommonAnnotationBeanPostProcessor.java:627)
	at org.springframework.beans.factory.annotation.InjectionMetadata$InjectedElement.inject(InjectionMetadata.java:171)
	at org.springframework.beans.factory.annotation.InjectionMetadata.inject(InjectionMetadata.java:87)
	at org.springframework.context.annotation.CommonAnnotationBeanPostProcessor.postProcessPropertyValues(CommonAnnotationBeanPostProcessor.java:318)
	at org.springframework.beans.factory.support.AbstractAutowireCapableBeanFactory.populateBean(AbstractAutowireCapableBeanFactory.java:1269)
	at org.springframework.beans.factory.support.AbstractAutowireCapableBeanFactory.doCreateBean(AbstractAutowireCapableBeanFactory.java:551)
	at org.springframework.beans.factory.support.AbstractAutowireCapableBeanFactory.createBean(AbstractAutowireCapableBeanFactory.java:481)
	at org.springframework.beans.factory.support.AbstractBeanFactory$1.getObject(AbstractBeanFactory.java:312)
	at org.springframework.beans.factory.support.DefaultSingletonBeanRegistry.getSingleton(DefaultSingletonBeanRegistry.java:230)
	at org.springframework.beans.factory.support.AbstractBeanFactory.doGetBean(AbstractBeanFactory.java:308)
	at org.springframework.beans.factory.support.AbstractBeanFactory.getBean(AbstractBeanFactory.java:197)
	at org.springframework.beans.factory.support.DefaultListableBeanFactory.preInstantiateSingletons(DefaultListableBeanFactory.java:761)
	at org.springframework.context.support.AbstractApplicationContext.finishBeanFactoryInitialization(AbstractApplicationContext.java:867)
	at org.springframework.context.support.AbstractApplicationContext.refresh(AbstractApplicationContext.java:543)
	at org.springframework.boot.SpringApplication.refresh(SpringApplication.java:693)
	at org.springframework.boot.SpringApplication.refreshContext(SpringApplication.java:360)
	at org.springframework.boot.SpringApplication.run(SpringApplication.java:303)
	at org.springframework.boot.test.context.SpringBootContextLoader.loadContext(SpringBootContextLoader.java:121)
	at org.springframework.test.context.cache.DefaultCacheAwareContextLoaderDelegate.loadContextInternal(DefaultCacheAwareContextLoaderDelegate.java:98)
	at org.springframework.test.context.cache.DefaultCacheAwareContextLoaderDelegate.loadContext(DefaultCacheAwareContextLoaderDelegate.java:116)
	at org.springframework.test.context.support.DefaultTestContext.getApplicationContext(DefaultTestContext.java:83)
	at org.springframework.test.context.web.ServletTestExecutionListener.setUpRequestContextIfNecessary(ServletTestExecutionListener.java:189)
	at org.springframework.test.context.web.ServletTestExecutionListener.prepareTestInstance(ServletTestExecutionListener.java:131)
	at org.springframework.test.context.TestContextManager.prepareTestInstance(TestContextManager.java:230)
	at org.springframework.test.context.junit4.SpringJUnit4ClassRunner.createTest(SpringJUnit4ClassRunner.java:228)
	at org.springframework.test.context.junit4.SpringJUnit4ClassRunner$1.runReflectiveCall(SpringJUnit4ClassRunner.java:287)
	at org.junit.internal.runners.model.ReflectiveCallable.run(ReflectiveCallable.java:12)
	at org.springframework.test.context.junit4.SpringJUnit4ClassRunner.methodBlock(SpringJUnit4ClassRunner.java:289)
	at org.springframework.test.context.junit4.SpringJUnit4ClassRunner.runChild(SpringJUnit4ClassRunner.java:247)
	at org.springframework.test.context.junit4.SpringJUnit4ClassRunner.runChild(SpringJUnit4ClassRunner.java:94)
	at org.junit.runners.ParentRunner$3.run(ParentRunner.java:290)
	at org.junit.runners.ParentRunner$1.schedule(ParentRunner.java:71)
	at org.junit.runners.ParentRunner.runChildren(ParentRunner.java:288)
	at org.junit.runners.ParentRunner.access$000(ParentRunner.java:58)
	at org.junit.runners.ParentRunner$2.evaluate(ParentRunner.java:268)
	at org.springframework.test.context.junit4.statements.RunBeforeTestClassCallbacks.evaluate(RunBeforeTestClassCallbacks.java:61)
	at org.springframework.test.context.junit4.statements.RunAfterTestClassCallbacks.evaluate(RunAfterTestClassCallbacks.java:70)
	at org.junit.runners.ParentRunner.run(ParentRunner.java:363)
	at org.springframework.test.context.junit4.SpringJUnit4ClassRunner.run(SpringJUnit4ClassRunner.java:191)
	at org.apache.maven.surefire.junit4.JUnit4Provider.execute(JUnit4Provider.java:283)
	at org.apache.maven.surefire.junit4.JUnit4Provider.executeWithRerun(JUnit4Provider.java:173)
	at org.apache.maven.surefire.junit4.JUnit4Provider.executeTestSet(JUnit4Provider.java:153)
	at org.apache.maven.surefire.junit4.JUnit4Provider.invoke(JUnit4Provider.java:128)
	at org.apache.maven.surefire.booter.ForkedBooter.invokeProviderInSameClassLoader(ForkedBooter.java:203)
	at org.apache.maven.surefire.booter.ForkedBooter.runSuitesInProcess(ForkedBooter.java:155)
	at org.apache.maven.surefire.booter.ForkedBooter.main(ForkedBooter.java:103)
</error>
    <system-out><![CDATA[10:53:19.130 [main] DEBUG org.springframework.test.context.junit4.SpringJUnit4ClassRunner - SpringJUnit4ClassRunner constructor called with [class com.itheima.task.TaskApplicationTests]
10:53:19.134 [main] DEBUG org.springframework.test.context.BootstrapUtils - Instantiating CacheAwareContextLoaderDelegate from class [org.springframework.test.context.cache.DefaultCacheAwareContextLoaderDelegate]
10:53:19.149 [main] DEBUG org.springframework.test.context.BootstrapUtils - Instantiating BootstrapContext using constructor [public org.springframework.test.context.support.DefaultBootstrapContext(java.lang.Class,org.springframework.test.context.CacheAwareContextLoaderDelegate)]
10:53:19.160 [main] DEBUG org.springframework.test.context.BootstrapUtils - Instantiating TestContextBootstrapper for test class [com.itheima.task.TaskApplicationTests] from class [org.springframework.boot.test.context.SpringBootTestContextBootstrapper]
10:53:19.168 [main] INFO org.springframework.boot.test.context.SpringBootTestContextBootstrapper - Neither @ContextConfiguration nor @ContextHierarchy found for test class [com.itheima.task.TaskApplicationTests], using SpringBootContextLoader
10:53:19.170 [main] DEBUG org.springframework.test.context.support.AbstractContextLoader - Did not detect default resource location for test class [com.itheima.task.TaskApplicationTests]: class path resource [com/itheima/task/TaskApplicationTests-context.xml] does not exist
10:53:19.171 [main] DEBUG org.springframework.test.context.support.AbstractContextLoader - Did not detect default resource location for test class [com.itheima.task.TaskApplicationTests]: class path resource [com/itheima/task/TaskApplicationTestsContext.groovy] does not exist
10:53:19.171 [main] INFO org.springframework.test.context.support.AbstractContextLoader - Could not detect default resource locations for test class [com.itheima.task.TaskApplicationTests]: no resource found for suffixes {-context.xml, Context.groovy}.
10:53:19.171 [main] INFO org.springframework.test.context.support.AnnotationConfigContextLoaderUtils - Could not detect default configuration classes for test class [com.itheima.task.TaskApplicationTests]: TaskApplicationTests does not declare any static, non-private, non-final, nested classes annotated with @Configuration.
10:53:19.201 [main] DEBUG org.springframework.test.context.support.ActiveProfilesUtils - Could not find an 'annotation declaring class' for annotation type [org.springframework.test.context.ActiveProfiles] and class [com.itheima.task.TaskApplicationTests]
10:53:19.207 [main] DEBUG org.springframework.core.env.StandardEnvironment - Adding PropertySource 'systemProperties' with lowest search precedence
10:53:19.207 [main] DEBUG org.springframework.core.env.StandardEnvironment - Adding PropertySource 'systemEnvironment' with lowest search precedence
10:53:19.207 [main] DEBUG org.springframework.core.env.StandardEnvironment - Initialized StandardEnvironment with PropertySources [MapPropertySource@1518864111 {name='systemProperties', properties={idea.version=2017.3.5, java.runtime.name=Java(TM) SE Runtime Environment, sun.boot.library.path=D:\software\devtool\jdk8\jre\bin, java.vm.version=25.121-b13, java.vm.vendor=Oracle Corporation, java.vendor.url=http://java.oracle.com/, path.separator=;, java.vm.name=Java HotSpot(TM) 64-Bit Server VM, file.encoding.pkg=sun.io, user.country=CN, user.script=, sun.java.launcher=SUN_STANDARD, sun.os.patch.level=, java.vm.specification.name=Java Virtual Machine Specification, user.dir=F:\workspace\task, java.runtime.version=1.8.0_121-b13, basedir=F:\workspace\task, java.awt.graphicsenv=sun.awt.Win32GraphicsEnvironment, java.endorsed.dirs=D:\software\devtool\jdk8\jre\lib\endorsed, os.arch=amd64, surefire.real.class.path=F:\workspace\task\target\surefire\surefirebooter8753182569321309684.jar, java.io.tmpdir=C:\Users\ziyin\AppData\Local\Temp\, line.separator=
, java.vm.specification.vendor=Oracle Corporation, user.variant=, os.name=Windows 10, sun.jnu.encoding=GBK, java.library.path=D:\software\devtool\jdk8\jre\bin;C:\WINDOWS\Sun\Java\bin;C:\WINDOWS\system32;C:\WINDOWS;C:\Program Files (x86)\Intel\Intel(R) Management Engine Components\iCLS\;C:\Program Files\Intel\Intel(R) Management Engine Components\iCLS\;C:\Windows\system32;C:\Windows;C:\Windows\System32\Wbem;C:\Windows\System32\WindowsPowerShell\v1.0\;C:\Program Files (x86)\Intel\Intel(R) Management Engine Components\DAL;C:\Program Files\Intel\Intel(R) Management Engine Components\DAL;C:\Program Files (x86)\Intel\Intel(R) Management Engine Components\IPT;C:\Program Files\Intel\Intel(R) Management Engine Components\IPT;C:\Program Files (x86)\NVIDIA Corporation\PhysX\Common;C:\Program Files\Intel\WiFi\bin\;C:\Program Files\Common Files\Intel\WirelessCommon\;D:\software\devtool\jdk8\bin;D:\software\pre_devKit\development\git\Git\bin;D:\software\pre_devKit\development\hadoop_native_bin\bin;D:\software\devtool\secureCRT\;D:\software\devtool\maven\apache-maven-3.5.4\bin\;D:\software\devtool\mysql\bin;D:\software\devtool\gradle\gradle-4.9\bin;D:\software\devtool\groovy\groovy-2.5.1\bin;D:\software\devtool\rational\common;C:\WINDOWS\system32;C:\WINDOWS;C:\WINDOWS\System32\Wbem;C:\WINDOWS\System32\WindowsPowerShell\v1.0\;C:\WINDOWS\System32\OpenSSH\;C:\Program Files (x86)\Calibre2\;D:\software\devtool\btrace\bin;D:\software\devtool\vagrant\bin;D:\software\devtool\thrift;D:\software\devtool\python3;D:\software\devtool\git\Git\cmd;D:\software\devtool\mysql5.5\bin;C:\Program Files (x86)\Pandoc\;D:\software\devtool\python3\Scripts\;D:\software\devtool\python3\;C:\Users\ziyin\AppData\Local\Microsoft\WindowsApps;;D:\software\devtool\VisualStudioCode\Microsoft VS Code\bin;., surefire.test.class.path=F:\workspace\task\target\test-classes;F:\workspace\task\target\classes;D:\software\devtool\maven\repository\org\springframework\boot\spring-boot-starter-web\1.5.19.RELEASE\spring-boot-starter-web-1.5.19.RELEASE.jar;D:\software\devtool\maven\repository\org\springframework\boot\spring-boot-starter\1.5.19.RELEASE\spring-boot-starter-1.5.19.RELEASE.jar;D:\software\devtool\maven\repository\org\springframework\boot\spring-boot\1.5.19.RELEASE\spring-boot-1.5.19.RELEASE.jar;D:\software\devtool\maven\repository\org\springframework\boot\spring-boot-autoconfigure\1.5.19.RELEASE\spring-boot-autoconfigure-1.5.19.RELEASE.jar;D:\software\devtool\maven\repository\org\springframework\boot\spring-boot-starter-logging\1.5.19.RELEASE\spring-boot-starter-logging-1.5.19.RELEASE.jar;D:\software\devtool\maven\repository\ch\qos\logback\logback-classic\1.1.11\logback-classic-1.1.11.jar;D:\software\devtool\maven\repository\ch\qos\logback\logback-core\1.1.11\logback-core-1.1.11.jar;D:\software\devtool\maven\repository\org\slf4j\jcl-over-slf4j\1.7.25\jcl-over-slf4j-1.7.25.jar;D:\software\devtool\maven\repository\org\slf4j\jul-to-slf4j\1.7.25\jul-to-slf4j-1.7.25.jar;D:\software\devtool\maven\repository\org\slf4j\log4j-over-slf4j\1.7.25\log4j-over-slf4j-1.7.25.jar;D:\software\devtool\maven\repository\org\yaml\snakeyaml\1.17\snakeyaml-1.17.jar;D:\software\devtool\maven\repository\org\springframework\boot\spring-boot-starter-tomcat\1.5.19.RELEASE\spring-boot-starter-tomcat-1.5.19.RELEASE.jar;D:\software\devtool\maven\repository\org\apache\tomcat\embed\tomcat-embed-core\8.5.37\tomcat-embed-core-8.5.37.jar;D:\software\devtool\maven\repository\org\apache\tomcat\tomcat-annotations-api\8.5.37\tomcat-annotations-api-8.5.37.jar;D:\software\devtool\maven\repository\org\apache\tomcat\embed\tomcat-embed-el\8.5.37\tomcat-embed-el-8.5.37.jar;D:\software\devtool\maven\repository\org\apache\tomcat\embed\tomcat-embed-websocket\8.5.37\tomcat-embed-websocket-8.5.37.jar;D:\software\devtool\maven\repository\org\hibernate\hibernate-validator\5.3.6.Final\hibernate-validator-5.3.6.Final.jar;D:\software\devtool\maven\repository\javax\validation\validation-api\1.1.0.Final\validation-api-1.1.0.Final.jar;D:\software\devtool\maven\repository\org\jboss\logging\jboss-logging\3.3.2.Final\jboss-logging-3.3.2.Final.jar;D:\software\devtool\maven\repository\com\fasterxml\classmate\1.3.4\classmate-1.3.4.jar;D:\software\devtool\maven\repository\com\fasterxml\jackson\core\jackson-databind\2.8.11.3\jackson-databind-2.8.11.3.jar;D:\software\devtool\maven\repository\com\fasterxml\jackson\core\jackson-annotations\2.8.0\jackson-annotations-2.8.0.jar;D:\software\devtool\maven\repository\com\fasterxml\jackson\core\jackson-core\2.8.11\jackson-core-2.8.11.jar;D:\software\devtool\maven\repository\org\springframework\spring-web\4.3.22.RELEASE\spring-web-4.3.22.RELEASE.jar;D:\software\devtool\maven\repository\org\springframework\spring-aop\4.3.22.RELEASE\spring-aop-4.3.22.RELEASE.jar;D:\software\devtool\maven\repository\org\springframework\spring-beans\4.3.22.RELEASE\spring-beans-4.3.22.RELEASE.jar;D:\software\devtool\maven\repository\org\springframework\spring-context\4.3.22.RELEASE\spring-context-4.3.22.RELEASE.jar;D:\software\devtool\maven\repository\org\springframework\spring-webmvc\4.3.22.RELEASE\spring-webmvc-4.3.22.RELEASE.jar;D:\software\devtool\maven\repository\org\springframework\spring-expression\4.3.22.RELEASE\spring-expression-4.3.22.RELEASE.jar;D:\software\devtool\maven\repository\org\springframework\boot\spring-boot-starter-test\1.5.19.RELEASE\spring-boot-starter-test-1.5.19.RELEASE.jar;D:\software\devtool\maven\repository\org\springframework\boot\spring-boot-test\1.5.19.RELEASE\spring-boot-test-1.5.19.RELEASE.jar;D:\software\devtool\maven\repository\org\springframework\boot\spring-boot-test-autoconfigure\1.5.19.RELEASE\spring-boot-test-autoconfigure-1.5.19.RELEASE.jar;D:\software\devtool\maven\repository\com\jayway\jsonpath\json-path\2.2.0\json-path-2.2.0.jar;D:\software\devtool\maven\repository\net\minidev\json-smart\2.2.1\json-smart-2.2.1.jar;D:\software\devtool\maven\repository\net\minidev\accessors-smart\1.1\accessors-smart-1.1.jar;D:\software\devtool\maven\repository\org\ow2\asm\asm\5.0.3\asm-5.0.3.jar;D:\software\devtool\maven\repository\org\slf4j\slf4j-api\1.7.25\slf4j-api-1.7.25.jar;D:\software\devtool\maven\repository\junit\junit\4.12\junit-4.12.jar;D:\software\devtool\maven\repository\org\assertj\assertj-core\2.6.0\assertj-core-2.6.0.jar;D:\software\devtool\maven\repository\org\mockito\mockito-core\1.10.19\mockito-core-1.10.19.jar;D:\software\devtool\maven\repository\org\objenesis\objenesis\2.1\objenesis-2.1.jar;D:\software\devtool\maven\repository\org\hamcrest\hamcrest-core\1.3\hamcrest-core-1.3.jar;D:\software\devtool\maven\repository\org\hamcrest\hamcrest-library\1.3\hamcrest-library-1.3.jar;D:\software\devtool\maven\repository\org\skyscreamer\jsonassert\1.4.0\jsonassert-1.4.0.jar;D:\software\devtool\maven\repository\com\vaadin\external\google\android-json\0.0.20131108.vaadin1\android-json-0.0.20131108.vaadin1.jar;D:\software\devtool\maven\repository\org\springframework\spring-core\4.3.22.RELEASE\spring-core-4.3.22.RELEASE.jar;D:\software\devtool\maven\repository\org\springframework\spring-test\4.3.22.RELEASE\spring-test-4.3.22.RELEASE.jar;D:\software\devtool\maven\repository\org\apache\commons\commons-lang3\3.8.1\commons-lang3-3.8.1.jar;, java.specification.name=Java Platform API Specification, java.class.version=52.0, sun.management.compiler=HotSpot 64-Bit Tiered Compilers, maven.repo.local=D:\software\devtool\maven\repository, os.version=10.0, user.home=C:\Users\ziyin, user.timezone=Asia/Shanghai, java.awt.printerjob=sun.awt.windows.WPrinterJob, file.encoding=GBK, java.specification.version=1.8, java.class.path=F:\workspace\task\target\test-classes;F:\workspace\task\target\classes;D:\software\devtool\maven\repository\org\springframework\boot\spring-boot-starter-web\1.5.19.RELEASE\spring-boot-starter-web-1.5.19.RELEASE.jar;D:\software\devtool\maven\repository\org\springframework\boot\spring-boot-starter\1.5.19.RELEASE\spring-boot-starter-1.5.19.RELEASE.jar;D:\software\devtool\maven\repository\org\springframework\boot\spring-boot\1.5.19.RELEASE\spring-boot-1.5.19.RELEASE.jar;D:\software\devtool\maven\repository\org\springframework\boot\spring-boot-autoconfigure\1.5.19.RELEASE\spring-boot-autoconfigure-1.5.19.RELEASE.jar;D:\software\devtool\maven\repository\org\springframework\boot\spring-boot-starter-logging\1.5.19.RELEASE\spring-boot-starter-logging-1.5.19.RELEASE.jar;D:\software\devtool\maven\repository\ch\qos\logback\logback-classic\1.1.11\logback-classic-1.1.11.jar;D:\software\devtool\maven\repository\ch\qos\logback\logback-core\1.1.11\logback-core-1.1.11.jar;D:\software\devtool\maven\repository\org\slf4j\jcl-over-slf4j\1.7.25\jcl-over-slf4j-1.7.25.jar;D:\software\devtool\maven\repository\org\slf4j\jul-to-slf4j\1.7.25\jul-to-slf4j-1.7.25.jar;D:\software\devtool\maven\repository\org\slf4j\log4j-over-slf4j\1.7.25\log4j-over-slf4j-1.7.25.jar;D:\software\devtool\maven\repository\org\yaml\snakeyaml\1.17\snakeyaml-1.17.jar;D:\software\devtool\maven\repository\org\springframework\boot\spring-boot-starter-tomcat\1.5.19.RELEASE\spring-boot-starter-tomcat-1.5.19.RELEASE.jar;D:\software\devtool\maven\repository\org\apache\tomcat\embed\tomcat-embed-core\8.5.37\tomcat-embed-core-8.5.37.jar;D:\software\devtool\maven\repository\org\apache\tomcat\tomcat-annotations-api\8.5.37\tomcat-annotations-api-8.5.37.jar;D:\software\devtool\maven\repository\org\apache\tomcat\embed\tomcat-embed-el\8.5.37\tomcat-embed-el-8.5.37.jar;D:\software\devtool\maven\repository\org\apache\tomcat\embed\tomcat-embed-websocket\8.5.37\tomcat-embed-websocket-8.5.37.jar;D:\software\devtool\maven\repository\org\hibernate\hibernate-validator\5.3.6.Final\hibernate-validator-5.3.6.Final.jar;D:\software\devtool\maven\repository\javax\validation\validation-api\1.1.0.Final\validation-api-1.1.0.Final.jar;D:\software\devtool\maven\repository\org\jboss\logging\jboss-logging\3.3.2.Final\jboss-logging-3.3.2.Final.jar;D:\software\devtool\maven\repository\com\fasterxml\classmate\1.3.4\classmate-1.3.4.jar;D:\software\devtool\maven\repository\com\fasterxml\jackson\core\jackson-databind\2.8.11.3\jackson-databind-2.8.11.3.jar;D:\software\devtool\maven\repository\com\fasterxml\jackson\core\jackson-annotations\2.8.0\jackson-annotations-2.8.0.jar;D:\software\devtool\maven\repository\com\fasterxml\jackson\core\jackson-core\2.8.11\jackson-core-2.8.11.jar;D:\software\devtool\maven\repository\org\springframework\spring-web\4.3.22.RELEASE\spring-web-4.3.22.RELEASE.jar;D:\software\devtool\maven\repository\org\springframework\spring-aop\4.3.22.RELEASE\spring-aop-4.3.22.RELEASE.jar;D:\software\devtool\maven\repository\org\springframework\spring-beans\4.3.22.RELEASE\spring-beans-4.3.22.RELEASE.jar;D:\software\devtool\maven\repository\org\springframework\spring-context\4.3.22.RELEASE\spring-context-4.3.22.RELEASE.jar;D:\software\devtool\maven\repository\org\springframework\spring-webmvc\4.3.22.RELEASE\spring-webmvc-4.3.22.RELEASE.jar;D:\software\devtool\maven\repository\org\springframework\spring-expression\4.3.22.RELEASE\spring-expression-4.3.22.RELEASE.jar;D:\software\devtool\maven\repository\org\springframework\boot\spring-boot-starter-test\1.5.19.RELEASE\spring-boot-starter-test-1.5.19.RELEASE.jar;D:\software\devtool\maven\repository\org\springframework\boot\spring-boot-test\1.5.19.RELEASE\spring-boot-test-1.5.19.RELEASE.jar;D:\software\devtool\maven\repository\org\springframework\boot\spring-boot-test-autoconfigure\1.5.19.RELEASE\spring-boot-test-autoconfigure-1.5.19.RELEASE.jar;D:\software\devtool\maven\repository\com\jayway\jsonpath\json-path\2.2.0\json-path-2.2.0.jar;D:\software\devtool\maven\repository\net\minidev\json-smart\2.2.1\json-smart-2.2.1.jar;D:\software\devtool\maven\repository\net\minidev\accessors-smart\1.1\accessors-smart-1.1.jar;D:\software\devtool\maven\repository\org\ow2\asm\asm\5.0.3\asm-5.0.3.jar;D:\software\devtool\maven\repository\org\slf4j\slf4j-api\1.7.25\slf4j-api-1.7.25.jar;D:\software\devtool\maven\repository\junit\junit\4.12\junit-4.12.jar;D:\software\devtool\maven\repository\org\assertj\assertj-core\2.6.0\assertj-core-2.6.0.jar;D:\software\devtool\maven\repository\org\mockito\mockito-core\1.10.19\mockito-core-1.10.19.jar;D:\software\devtool\maven\repository\org\objenesis\objenesis\2.1\objenesis-2.1.jar;D:\software\devtool\maven\repository\org\hamcrest\hamcrest-core\1.3\hamcrest-core-1.3.jar;D:\software\devtool\maven\repository\org\hamcrest\hamcrest-library\1.3\hamcrest-library-1.3.jar;D:\software\devtool\maven\repository\org\skyscreamer\jsonassert\1.4.0\jsonassert-1.4.0.jar;D:\software\devtool\maven\repository\com\vaadin\external\google\android-json\0.0.20131108.vaadin1\android-json-0.0.20131108.vaadin1.jar;D:\software\devtool\maven\repository\org\springframework\spring-core\4.3.22.RELEASE\spring-core-4.3.22.RELEASE.jar;D:\software\devtool\maven\repository\org\springframework\spring-test\4.3.22.RELEASE\spring-test-4.3.22.RELEASE.jar;D:\software\devtool\maven\repository\org\apache\commons\commons-lang3\3.8.1\commons-lang3-3.8.1.jar;, user.name=ziyin, java.vm.specification.version=1.8, sun.java.command=F:\workspace\task\target\surefire\surefirebooter8753182569321309684.jar F:\workspace\task\target\surefire\surefire6760133577335593893tmp F:\workspace\task\target\surefire\surefire_03991051053211360423tmp, java.home=D:\software\devtool\jdk8\jre, sun.arch.data.model=64, user.language=zh, java.specification.vendor=Oracle Corporation, awt.toolkit=sun.awt.windows.WToolkit, java.vm.info=mixed mode, java.version=1.8.0_121, java.ext.dirs=D:\software\devtool\jdk8\jre\lib\ext;C:\WINDOWS\Sun\Java\lib\ext, sun.boot.class.path=D:\software\devtool\jdk8\jre\lib\resources.jar;D:\software\devtool\jdk8\jre\lib\rt.jar;D:\software\devtool\jdk8\jre\lib\sunrsasign.jar;D:\software\devtool\jdk8\jre\lib\jsse.jar;D:\software\devtool\jdk8\jre\lib\jce.jar;D:\software\devtool\jdk8\jre\lib\charsets.jar;D:\software\devtool\jdk8\jre\lib\jfr.jar;D:\software\devtool\jdk8\jre\classes, java.vendor=Oracle Corporation, localRepository=D:\software\devtool\maven\repository, file.separator=\, java.vendor.url.bug=http://bugreport.sun.com/bugreport/, sun.io.unicode.encoding=UnicodeLittle, sun.cpu.endian=little, sun.desktop=windows, sun.cpu.isalist=amd64}}, SystemEnvironmentPropertySource@1816757085 {name='systemEnvironment', properties={PATH=C:\Program Files (x86)\Intel\Intel(R) Management Engine Components\iCLS\;C:\Program Files\Intel\Intel(R) Management Engine Components\iCLS\;C:\Windows\system32;C:\Windows;C:\Windows\System32\Wbem;C:\Windows\System32\WindowsPowerShell\v1.0\;C:\Program Files (x86)\Intel\Intel(R) Management Engine Components\DAL;C:\Program Files\Intel\Intel(R) Management Engine Components\DAL;C:\Program Files (x86)\Intel\Intel(R) Management Engine Components\IPT;C:\Program Files\Intel\Intel(R) Management Engine Components\IPT;C:\Program Files (x86)\NVIDIA Corporation\PhysX\Common;C:\Program Files\Intel\WiFi\bin\;C:\Program Files\Common Files\Intel\WirelessCommon\;D:\software\devtool\jdk8\bin;D:\software\pre_devKit\development\git\Git\bin;D:\software\pre_devKit\development\hadoop_native_bin\bin;D:\software\devtool\secureCRT\;D:\software\devtool\maven\apache-maven-3.5.4\bin\;D:\software\devtool\mysql\bin;D:\software\devtool\gradle\gradle-4.9\bin;D:\software\devtool\groovy\groovy-2.5.1\bin;D:\software\devtool\rational\common;C:\WINDOWS\system32;C:\WINDOWS;C:\WINDOWS\System32\Wbem;C:\WINDOWS\System32\WindowsPowerShell\v1.0\;C:\WINDOWS\System32\OpenSSH\;C:\Program Files (x86)\Calibre2\;D:\software\devtool\btrace\bin;D:\software\devtool\vagrant\bin;D:\software\devtool\thrift;D:\software\devtool\python3;D:\software\devtool\git\Git\cmd;D:\software\devtool\mysql5.5\bin;C:\Program Files (x86)\Pandoc\;D:\software\devtool\python3\Scripts\;D:\software\devtool\python3\;C:\Users\ziyin\AppData\Local\Microsoft\WindowsApps;;D:\software\devtool\VisualStudioCode\Microsoft VS Code\bin, USERDOMAIN_ROAMINGPROFILE=DESKTOP-INI8UDT, GIT_HOME=D:\software\pre_devKit\development\git\Git, PROCESSOR_LEVEL=6, SYSTEMDRIVE=C:, SESSIONNAME=Console, ALLUSERSPROFILE=C:\ProgramData, PROCESSOR_ARCHITECTURE=AMD64, DRIVERDATA=C:\Windows\System32\Drivers\DriverData, PROGRAMFILES=C:\Program Files, MOZ_PLUGIN_PATH=D:\software\development\fuxinpdf\Foxit Reader\plugins\, PSMODULEPATH=C:\Program Files\WindowsPowerShell\Modules;C:\WINDOWS\system32\WindowsPowerShell\v1.0\Modules, PROGRAMDATA=C:\ProgramData, USERNAME=ziyin, FPS_BROWSER_USER_PROFILE_STRING=Default, ONEDRIVE=C:\Users\ziyin\OneDrive, CONFIGSETROOT=C:\WINDOWS\ConfigSetRoot, PATHEXT=.COM;.EXE;.BAT;.CMD;.VBS;.VBE;.JS;.JSE;.WSF;.WSH;.MSC, WINDIR=C:\WINDOWS, =F:=F:\workspace\task, HOMEPATH=\Users\ziyin, PROCESSOR_IDENTIFIER=Intel64 Family 6 Model 158 Stepping 10, GenuineIntel, HADOOP_HOME=D:\software\pre_devKit\development\hadoop_native_bin, M2_HOME=D:\software\devtool\maven\apache-maven-3.5.4, PUBLIC=C:\Users\Public, =::=::\, LOCALAPPDATA=C:\Users\ziyin\AppData\Local, COMMONPROGRAMFILES(X86)=C:\Program Files (x86)\Common Files, USERDOMAIN=DESKTOP-INI8UDT, FPS_BROWSER_APP_PROFILE_STRING=Internet Explorer, LOGONSERVER=\\DESKTOP-INI8UDT, JAVA_HOME=D:\software\devtool\jdk8, PROMPT=$P$G, PROGRAMFILES(X86)=C:\Program Files (x86), ASL.LOG=Destination=file, GRADLE_HOME=D:\software\devtool\gradle\gradle-4.9, GROOVY_HOME=D:\software\devtool\groovy\groovy-2.5.1, APPDATA=C:\Users\ziyin\AppData\Roaming, PROGRAMW6432=C:\Program Files, SYSTEMROOT=C:\WINDOWS, THRIFT_HOME=D:\software\devtool\thrift, VBOX_MSI_INSTALL_PATH=D:\software\devtool\virtualbox\, OS=Windows_NT, COMMONPROGRAMW6432=C:\Program Files\Common Files, COMPUTERNAME=DESKTOP-INI8UDT, COMMONPROGRAMFILES=C:\Program Files\Common Files, COMSPEC=C:\WINDOWS\system32\cmd.exe, PROCESSOR_REVISION=9e0a, TEMP=C:\Users\ziyin\AppData\Local\Temp, HOMEDRIVE=C:, USERPROFILE=C:\Users\ziyin, TMP=C:\Users\ziyin\AppData\Local\Temp, BTRACE_HOME=D:\software\devtool\btrace, NUMBER_OF_PROCESSORS=12}}]
10:53:19.217 [main] DEBUG org.springframework.core.io.support.PathMatchingResourcePatternResolver - Resolved classpath location [com/itheima/task/] to resources [URL [file:/F:/workspace/task/target/test-classes/com/itheima/task/], URL [file:/F:/workspace/task/target/classes/com/itheima/task/]]
10:53:19.217 [main] DEBUG org.springframework.core.io.support.PathMatchingResourcePatternResolver - Looking for matching resources in directory tree [F:\workspace\task\target\test-classes\com\itheima\task]
10:53:19.217 [main] DEBUG org.springframework.core.io.support.PathMatchingResourcePatternResolver - Searching directory [F:\workspace\task\target\test-classes\com\itheima\task] for files matching pattern [F:/workspace/task/target/test-classes/com/itheima/task/*.class]
10:53:19.219 [main] DEBUG org.springframework.core.io.support.PathMatchingResourcePatternResolver - Looking for matching resources in directory tree [F:\workspace\task\target\classes\com\itheima\task]
10:53:19.219 [main] DEBUG org.springframework.core.io.support.PathMatchingResourcePatternResolver - Searching directory [F:\workspace\task\target\classes\com\itheima\task] for files matching pattern [F:/workspace/task/target/classes/com/itheima/task/*.class]
10:53:19.220 [main] DEBUG org.springframework.core.io.support.PathMatchingResourcePatternResolver - Resolved location pattern [classpath*:com/itheima/task/*.class] to resources [file [F:\workspace\task\target\test-classes\com\itheima\task\TaskApplicationTests.class], file [F:\workspace\task\target\classes\com\itheima\task\TaskApplication.class]]
10:53:19.256 [main] DEBUG org.springframework.context.annotation.ClassPathScanningCandidateComponentProvider - Identified candidate component class: file [F:\workspace\task\target\classes\com\itheima\task\TaskApplication.class]
10:53:19.257 [main] INFO org.springframework.boot.test.context.SpringBootTestContextBootstrapper - Found @SpringBootConfiguration com.itheima.task.TaskApplication for test class com.itheima.task.TaskApplicationTests
10:53:19.260 [main] DEBUG org.springframework.boot.test.context.SpringBootTestContextBootstrapper - @TestExecutionListeners is not present for class [com.itheima.task.TaskApplicationTests]: using defaults.
10:53:19.262 [main] INFO org.springframework.boot.test.context.SpringBootTestContextBootstrapper - Loaded default TestExecutionListener class names from location [META-INF/spring.factories]: [org.springframework.boot.test.mock.mockito.MockitoTestExecutionListener, org.springframework.boot.test.mock.mockito.ResetMocksTestExecutionListener, org.springframework.boot.test.autoconfigure.restdocs.RestDocsTestExecutionListener, org.springframework.boot.test.autoconfigure.web.client.MockRestServiceServerResetTestExecutionListener, org.springframework.boot.test.autoconfigure.web.servlet.MockMvcPrintOnlyOnFailureTestExecutionListener, org.springframework.boot.test.autoconfigure.web.servlet.WebDriverTestExecutionListener, org.springframework.test.context.web.ServletTestExecutionListener, org.springframework.test.context.support.DirtiesContextBeforeModesTestExecutionListener, org.springframework.test.context.support.DependencyInjectionTestExecutionListener, org.springframework.test.context.support.DirtiesContextTestExecutionListener, org.springframework.test.context.transaction.TransactionalTestExecutionListener, org.springframework.test.context.jdbc.SqlScriptsTestExecutionListener]
10:53:19.271 [main] DEBUG org.springframework.boot.test.context.SpringBootTestContextBootstrapper - Could not instantiate TestExecutionListener [org.springframework.test.context.transaction.TransactionalTestExecutionListener]. Specify custom listener classes or make the default listener classes (and their required dependencies) available. Offending class: [org/springframework/transaction/interceptor/TransactionAttributeSource]
10:53:19.271 [main] DEBUG org.springframework.boot.test.context.SpringBootTestContextBootstrapper - Could not instantiate TestExecutionListener [org.springframework.test.context.jdbc.SqlScriptsTestExecutionListener]. Specify custom listener classes or make the default listener classes (and their required dependencies) available. Offending class: [org/springframework/transaction/interceptor/TransactionAttribute]
10:53:19.271 [main] INFO org.springframework.boot.test.context.SpringBootTestContextBootstrapper - Using TestExecutionListeners: [org.springframework.test.context.web.ServletTestExecutionListener@44f75083, org.springframework.test.context.support.DirtiesContextBeforeModesTestExecutionListener@2698dc7, org.springframework.boot.test.mock.mockito.MockitoTestExecutionListener@43d7741f, org.springframework.boot.test.autoconfigure.SpringBootDependencyInjectionTestExecutionListener@17baae6e, org.springframework.test.context.support.DirtiesContextTestExecutionListener@69379752, org.springframework.boot.test.mock.mockito.ResetMocksTestExecutionListener@27fe3806, org.springframework.boot.test.autoconfigure.restdocs.RestDocsTestExecutionListener@5f71c76a, org.springframework.boot.test.autoconfigure.web.client.MockRestServiceServerResetTestExecutionListener@1d7acb34, org.springframework.boot.test.autoconfigure.web.servlet.MockMvcPrintOnlyOnFailureTestExecutionListener@48a242ce, org.springframework.boot.test.autoconfigure.web.servlet.WebDriverTestExecutionListener@1e4a7dd4]
10:53:19.273 [main] DEBUG org.springframework.test.annotation.ProfileValueUtils - Retrieved @ProfileValueSourceConfiguration [null] for test class [com.itheima.task.TaskApplicationTests]
10:53:19.273 [main] DEBUG org.springframework.test.annotation.ProfileValueUtils - Retrieved ProfileValueSource type [class org.springframework.test.annotation.SystemProfileValueSource] for class [com.itheima.task.TaskApplicationTests]
10:53:19.275 [main] DEBUG org.springframework.test.context.junit4.SpringJUnit4ClassRunner - SpringJUnit4ClassRunner constructor called with [class com.itheima.task.TaskApplicationTests]
10:53:19.275 [main] DEBUG org.springframework.test.context.BootstrapUtils - Instantiating CacheAwareContextLoaderDelegate from class [org.springframework.test.context.cache.DefaultCacheAwareContextLoaderDelegate]
10:53:19.275 [main] DEBUG org.springframework.test.context.BootstrapUtils - Instantiating BootstrapContext using constructor [public org.springframework.test.context.support.DefaultBootstrapContext(java.lang.Class,org.springframework.test.context.CacheAwareContextLoaderDelegate)]
10:53:19.275 [main] DEBUG org.springframework.test.context.BootstrapUtils - Instantiating TestContextBootstrapper for test class [com.itheima.task.TaskApplicationTests] from class [org.springframework.boot.test.context.SpringBootTestContextBootstrapper]
10:53:19.276 [main] INFO org.springframework.boot.test.context.SpringBootTestContextBootstrapper - Neither @ContextConfiguration nor @ContextHierarchy found for test class [com.itheima.task.TaskApplicationTests], using SpringBootContextLoader
10:53:19.276 [main] DEBUG org.springframework.test.context.support.AbstractContextLoader - Did not detect default resource location for test class [com.itheima.task.TaskApplicationTests]: class path resource [com/itheima/task/TaskApplicationTests-context.xml] does not exist
10:53:19.276 [main] DEBUG org.springframework.test.context.support.AbstractContextLoader - Did not detect default resource location for test class [com.itheima.task.TaskApplicationTests]: class path resource [com/itheima/task/TaskApplicationTestsContext.groovy] does not exist
10:53:19.276 [main] INFO org.springframework.test.context.support.AbstractContextLoader - Could not detect default resource locations for test class [com.itheima.task.TaskApplicationTests]: no resource found for suffixes {-context.xml, Context.groovy}.
10:53:19.276 [main] INFO org.springframework.test.context.support.AnnotationConfigContextLoaderUtils - Could not detect default configuration classes for test class [com.itheima.task.TaskApplicationTests]: TaskApplicationTests does not declare any static, non-private, non-final, nested classes annotated with @Configuration.
10:53:19.280 [main] DEBUG org.springframework.test.context.support.ActiveProfilesUtils - Could not find an 'annotation declaring class' for annotation type [org.springframework.test.context.ActiveProfiles] and class [com.itheima.task.TaskApplicationTests]
10:53:19.280 [main] DEBUG org.springframework.core.env.StandardEnvironment - Adding PropertySource 'systemProperties' with lowest search precedence
10:53:19.280 [main] DEBUG org.springframework.core.env.StandardEnvironment - Adding PropertySource 'systemEnvironment' with lowest search precedence
10:53:19.280 [main] DEBUG org.springframework.core.env.StandardEnvironment - Initialized StandardEnvironment with PropertySources [MapPropertySource@867398280 {name='systemProperties', properties={idea.version=2017.3.5, java.runtime.name=Java(TM) SE Runtime Environment, sun.boot.library.path=D:\software\devtool\jdk8\jre\bin, java.vm.version=25.121-b13, java.vm.vendor=Oracle Corporation, java.vendor.url=http://java.oracle.com/, path.separator=;, java.vm.name=Java HotSpot(TM) 64-Bit Server VM, file.encoding.pkg=sun.io, user.country=CN, user.script=, sun.java.launcher=SUN_STANDARD, sun.os.patch.level=, java.vm.specification.name=Java Virtual Machine Specification, user.dir=F:\workspace\task, java.runtime.version=1.8.0_121-b13, basedir=F:\workspace\task, java.awt.graphicsenv=sun.awt.Win32GraphicsEnvironment, java.endorsed.dirs=D:\software\devtool\jdk8\jre\lib\endorsed, os.arch=amd64, surefire.real.class.path=F:\workspace\task\target\surefire\surefirebooter8753182569321309684.jar, java.io.tmpdir=C:\Users\ziyin\AppData\Local\Temp\, line.separator=
, java.vm.specification.vendor=Oracle Corporation, user.variant=, os.name=Windows 10, sun.jnu.encoding=GBK, java.library.path=D:\software\devtool\jdk8\jre\bin;C:\WINDOWS\Sun\Java\bin;C:\WINDOWS\system32;C:\WINDOWS;C:\Program Files (x86)\Intel\Intel(R) Management Engine Components\iCLS\;C:\Program Files\Intel\Intel(R) Management Engine Components\iCLS\;C:\Windows\system32;C:\Windows;C:\Windows\System32\Wbem;C:\Windows\System32\WindowsPowerShell\v1.0\;C:\Program Files (x86)\Intel\Intel(R) Management Engine Components\DAL;C:\Program Files\Intel\Intel(R) Management Engine Components\DAL;C:\Program Files (x86)\Intel\Intel(R) Management Engine Components\IPT;C:\Program Files\Intel\Intel(R) Management Engine Components\IPT;C:\Program Files (x86)\NVIDIA Corporation\PhysX\Common;C:\Program Files\Intel\WiFi\bin\;C:\Program Files\Common Files\Intel\WirelessCommon\;D:\software\devtool\jdk8\bin;D:\software\pre_devKit\development\git\Git\bin;D:\software\pre_devKit\development\hadoop_native_bin\bin;D:\software\devtool\secureCRT\;D:\software\devtool\maven\apache-maven-3.5.4\bin\;D:\software\devtool\mysql\bin;D:\software\devtool\gradle\gradle-4.9\bin;D:\software\devtool\groovy\groovy-2.5.1\bin;D:\software\devtool\rational\common;C:\WINDOWS\system32;C:\WINDOWS;C:\WINDOWS\System32\Wbem;C:\WINDOWS\System32\WindowsPowerShell\v1.0\;C:\WINDOWS\System32\OpenSSH\;C:\Program Files (x86)\Calibre2\;D:\software\devtool\btrace\bin;D:\software\devtool\vagrant\bin;D:\software\devtool\thrift;D:\software\devtool\python3;D:\software\devtool\git\Git\cmd;D:\software\devtool\mysql5.5\bin;C:\Program Files (x86)\Pandoc\;D:\software\devtool\python3\Scripts\;D:\software\devtool\python3\;C:\Users\ziyin\AppData\Local\Microsoft\WindowsApps;;D:\software\devtool\VisualStudioCode\Microsoft VS Code\bin;., surefire.test.class.path=F:\workspace\task\target\test-classes;F:\workspace\task\target\classes;D:\software\devtool\maven\repository\org\springframework\boot\spring-boot-starter-web\1.5.19.RELEASE\spring-boot-starter-web-1.5.19.RELEASE.jar;D:\software\devtool\maven\repository\org\springframework\boot\spring-boot-starter\1.5.19.RELEASE\spring-boot-starter-1.5.19.RELEASE.jar;D:\software\devtool\maven\repository\org\springframework\boot\spring-boot\1.5.19.RELEASE\spring-boot-1.5.19.RELEASE.jar;D:\software\devtool\maven\repository\org\springframework\boot\spring-boot-autoconfigure\1.5.19.RELEASE\spring-boot-autoconfigure-1.5.19.RELEASE.jar;D:\software\devtool\maven\repository\org\springframework\boot\spring-boot-starter-logging\1.5.19.RELEASE\spring-boot-starter-logging-1.5.19.RELEASE.jar;D:\software\devtool\maven\repository\ch\qos\logback\logback-classic\1.1.11\logback-classic-1.1.11.jar;D:\software\devtool\maven\repository\ch\qos\logback\logback-core\1.1.11\logback-core-1.1.11.jar;D:\software\devtool\maven\repository\org\slf4j\jcl-over-slf4j\1.7.25\jcl-over-slf4j-1.7.25.jar;D:\software\devtool\maven\repository\org\slf4j\jul-to-slf4j\1.7.25\jul-to-slf4j-1.7.25.jar;D:\software\devtool\maven\repository\org\slf4j\log4j-over-slf4j\1.7.25\log4j-over-slf4j-1.7.25.jar;D:\software\devtool\maven\repository\org\yaml\snakeyaml\1.17\snakeyaml-1.17.jar;D:\software\devtool\maven\repository\org\springframework\boot\spring-boot-starter-tomcat\1.5.19.RELEASE\spring-boot-starter-tomcat-1.5.19.RELEASE.jar;D:\software\devtool\maven\repository\org\apache\tomcat\embed\tomcat-embed-core\8.5.37\tomcat-embed-core-8.5.37.jar;D:\software\devtool\maven\repository\org\apache\tomcat\tomcat-annotations-api\8.5.37\tomcat-annotations-api-8.5.37.jar;D:\software\devtool\maven\repository\org\apache\tomcat\embed\tomcat-embed-el\8.5.37\tomcat-embed-el-8.5.37.jar;D:\software\devtool\maven\repository\org\apache\tomcat\embed\tomcat-embed-websocket\8.5.37\tomcat-embed-websocket-8.5.37.jar;D:\software\devtool\maven\repository\org\hibernate\hibernate-validator\5.3.6.Final\hibernate-validator-5.3.6.Final.jar;D:\software\devtool\maven\repository\javax\validation\validation-api\1.1.0.Final\validation-api-1.1.0.Final.jar;D:\software\devtool\maven\repository\org\jboss\logging\jboss-logging\3.3.2.Final\jboss-logging-3.3.2.Final.jar;D:\software\devtool\maven\repository\com\fasterxml\classmate\1.3.4\classmate-1.3.4.jar;D:\software\devtool\maven\repository\com\fasterxml\jackson\core\jackson-databind\2.8.11.3\jackson-databind-2.8.11.3.jar;D:\software\devtool\maven\repository\com\fasterxml\jackson\core\jackson-annotations\2.8.0\jackson-annotations-2.8.0.jar;D:\software\devtool\maven\repository\com\fasterxml\jackson\core\jackson-core\2.8.11\jackson-core-2.8.11.jar;D:\software\devtool\maven\repository\org\springframework\spring-web\4.3.22.RELEASE\spring-web-4.3.22.RELEASE.jar;D:\software\devtool\maven\repository\org\springframework\spring-aop\4.3.22.RELEASE\spring-aop-4.3.22.RELEASE.jar;D:\software\devtool\maven\repository\org\springframework\spring-beans\4.3.22.RELEASE\spring-beans-4.3.22.RELEASE.jar;D:\software\devtool\maven\repository\org\springframework\spring-context\4.3.22.RELEASE\spring-context-4.3.22.RELEASE.jar;D:\software\devtool\maven\repository\org\springframework\spring-webmvc\4.3.22.RELEASE\spring-webmvc-4.3.22.RELEASE.jar;D:\software\devtool\maven\repository\org\springframework\spring-expression\4.3.22.RELEASE\spring-expression-4.3.22.RELEASE.jar;D:\software\devtool\maven\repository\org\springframework\boot\spring-boot-starter-test\1.5.19.RELEASE\spring-boot-starter-test-1.5.19.RELEASE.jar;D:\software\devtool\maven\repository\org\springframework\boot\spring-boot-test\1.5.19.RELEASE\spring-boot-test-1.5.19.RELEASE.jar;D:\software\devtool\maven\repository\org\springframework\boot\spring-boot-test-autoconfigure\1.5.19.RELEASE\spring-boot-test-autoconfigure-1.5.19.RELEASE.jar;D:\software\devtool\maven\repository\com\jayway\jsonpath\json-path\2.2.0\json-path-2.2.0.jar;D:\software\devtool\maven\repository\net\minidev\json-smart\2.2.1\json-smart-2.2.1.jar;D:\software\devtool\maven\repository\net\minidev\accessors-smart\1.1\accessors-smart-1.1.jar;D:\software\devtool\maven\repository\org\ow2\asm\asm\5.0.3\asm-5.0.3.jar;D:\software\devtool\maven\repository\org\slf4j\slf4j-api\1.7.25\slf4j-api-1.7.25.jar;D:\software\devtool\maven\repository\junit\junit\4.12\junit-4.12.jar;D:\software\devtool\maven\repository\org\assertj\assertj-core\2.6.0\assertj-core-2.6.0.jar;D:\software\devtool\maven\repository\org\mockito\mockito-core\1.10.19\mockito-core-1.10.19.jar;D:\software\devtool\maven\repository\org\objenesis\objenesis\2.1\objenesis-2.1.jar;D:\software\devtool\maven\repository\org\hamcrest\hamcrest-core\1.3\hamcrest-core-1.3.jar;D:\software\devtool\maven\repository\org\hamcrest\hamcrest-library\1.3\hamcrest-library-1.3.jar;D:\software\devtool\maven\repository\org\skyscreamer\jsonassert\1.4.0\jsonassert-1.4.0.jar;D:\software\devtool\maven\repository\com\vaadin\external\google\android-json\0.0.20131108.vaadin1\android-json-0.0.20131108.vaadin1.jar;D:\software\devtool\maven\repository\org\springframework\spring-core\4.3.22.RELEASE\spring-core-4.3.22.RELEASE.jar;D:\software\devtool\maven\repository\org\springframework\spring-test\4.3.22.RELEASE\spring-test-4.3.22.RELEASE.jar;D:\software\devtool\maven\repository\org\apache\commons\commons-lang3\3.8.1\commons-lang3-3.8.1.jar;, java.specification.name=Java Platform API Specification, java.class.version=52.0, sun.management.compiler=HotSpot 64-Bit Tiered Compilers, maven.repo.local=D:\software\devtool\maven\repository, os.version=10.0, user.home=C:\Users\ziyin, user.timezone=Asia/Shanghai, java.awt.printerjob=sun.awt.windows.WPrinterJob, file.encoding=GBK, java.specification.version=1.8, java.class.path=F:\workspace\task\target\test-classes;F:\workspace\task\target\classes;D:\software\devtool\maven\repository\org\springframework\boot\spring-boot-starter-web\1.5.19.RELEASE\spring-boot-starter-web-1.5.19.RELEASE.jar;D:\software\devtool\maven\repository\org\springframework\boot\spring-boot-starter\1.5.19.RELEASE\spring-boot-starter-1.5.19.RELEASE.jar;D:\software\devtool\maven\repository\org\springframework\boot\spring-boot\1.5.19.RELEASE\spring-boot-1.5.19.RELEASE.jar;D:\software\devtool\maven\repository\org\springframework\boot\spring-boot-autoconfigure\1.5.19.RELEASE\spring-boot-autoconfigure-1.5.19.RELEASE.jar;D:\software\devtool\maven\repository\org\springframework\boot\spring-boot-starter-logging\1.5.19.RELEASE\spring-boot-starter-logging-1.5.19.RELEASE.jar;D:\software\devtool\maven\repository\ch\qos\logback\logback-classic\1.1.11\logback-classic-1.1.11.jar;D:\software\devtool\maven\repository\ch\qos\logback\logback-core\1.1.11\logback-core-1.1.11.jar;D:\software\devtool\maven\repository\org\slf4j\jcl-over-slf4j\1.7.25\jcl-over-slf4j-1.7.25.jar;D:\software\devtool\maven\repository\org\slf4j\jul-to-slf4j\1.7.25\jul-to-slf4j-1.7.25.jar;D:\software\devtool\maven\repository\org\slf4j\log4j-over-slf4j\1.7.25\log4j-over-slf4j-1.7.25.jar;D:\software\devtool\maven\repository\org\yaml\snakeyaml\1.17\snakeyaml-1.17.jar;D:\software\devtool\maven\repository\org\springframework\boot\spring-boot-starter-tomcat\1.5.19.RELEASE\spring-boot-starter-tomcat-1.5.19.RELEASE.jar;D:\software\devtool\maven\repository\org\apache\tomcat\embed\tomcat-embed-core\8.5.37\tomcat-embed-core-8.5.37.jar;D:\software\devtool\maven\repository\org\apache\tomcat\tomcat-annotations-api\8.5.37\tomcat-annotations-api-8.5.37.jar;D:\software\devtool\maven\repository\org\apache\tomcat\embed\tomcat-embed-el\8.5.37\tomcat-embed-el-8.5.37.jar;D:\software\devtool\maven\repository\org\apache\tomcat\embed\tomcat-embed-websocket\8.5.37\tomcat-embed-websocket-8.5.37.jar;D:\software\devtool\maven\repository\org\hibernate\hibernate-validator\5.3.6.Final\hibernate-validator-5.3.6.Final.jar;D:\software\devtool\maven\repository\javax\validation\validation-api\1.1.0.Final\validation-api-1.1.0.Final.jar;D:\software\devtool\maven\repository\org\jboss\logging\jboss-logging\3.3.2.Final\jboss-logging-3.3.2.Final.jar;D:\software\devtool\maven\repository\com\fasterxml\classmate\1.3.4\classmate-1.3.4.jar;D:\software\devtool\maven\repository\com\fasterxml\jackson\core\jackson-databind\2.8.11.3\jackson-databind-2.8.11.3.jar;D:\software\devtool\maven\repository\com\fasterxml\jackson\core\jackson-annotations\2.8.0\jackson-annotations-2.8.0.jar;D:\software\devtool\maven\repository\com\fasterxml\jackson\core\jackson-core\2.8.11\jackson-core-2.8.11.jar;D:\software\devtool\maven\repository\org\springframework\spring-web\4.3.22.RELEASE\spring-web-4.3.22.RELEASE.jar;D:\software\devtool\maven\repository\org\springframework\spring-aop\4.3.22.RELEASE\spring-aop-4.3.22.RELEASE.jar;D:\software\devtool\maven\repository\org\springframework\spring-beans\4.3.22.RELEASE\spring-beans-4.3.22.RELEASE.jar;D:\software\devtool\maven\repository\org\springframework\spring-context\4.3.22.RELEASE\spring-context-4.3.22.RELEASE.jar;D:\software\devtool\maven\repository\org\springframework\spring-webmvc\4.3.22.RELEASE\spring-webmvc-4.3.22.RELEASE.jar;D:\software\devtool\maven\repository\org\springframework\spring-expression\4.3.22.RELEASE\spring-expression-4.3.22.RELEASE.jar;D:\software\devtool\maven\repository\org\springframework\boot\spring-boot-starter-test\1.5.19.RELEASE\spring-boot-starter-test-1.5.19.RELEASE.jar;D:\software\devtool\maven\repository\org\springframework\boot\spring-boot-test\1.5.19.RELEASE\spring-boot-test-1.5.19.RELEASE.jar;D:\software\devtool\maven\repository\org\springframework\boot\spring-boot-test-autoconfigure\1.5.19.RELEASE\spring-boot-test-autoconfigure-1.5.19.RELEASE.jar;D:\software\devtool\maven\repository\com\jayway\jsonpath\json-path\2.2.0\json-path-2.2.0.jar;D:\software\devtool\maven\repository\net\minidev\json-smart\2.2.1\json-smart-2.2.1.jar;D:\software\devtool\maven\repository\net\minidev\accessors-smart\1.1\accessors-smart-1.1.jar;D:\software\devtool\maven\repository\org\ow2\asm\asm\5.0.3\asm-5.0.3.jar;D:\software\devtool\maven\repository\org\slf4j\slf4j-api\1.7.25\slf4j-api-1.7.25.jar;D:\software\devtool\maven\repository\junit\junit\4.12\junit-4.12.jar;D:\software\devtool\maven\repository\org\assertj\assertj-core\2.6.0\assertj-core-2.6.0.jar;D:\software\devtool\maven\repository\org\mockito\mockito-core\1.10.19\mockito-core-1.10.19.jar;D:\software\devtool\maven\repository\org\objenesis\objenesis\2.1\objenesis-2.1.jar;D:\software\devtool\maven\repository\org\hamcrest\hamcrest-core\1.3\hamcrest-core-1.3.jar;D:\software\devtool\maven\repository\org\hamcrest\hamcrest-library\1.3\hamcrest-library-1.3.jar;D:\software\devtool\maven\repository\org\skyscreamer\jsonassert\1.4.0\jsonassert-1.4.0.jar;D:\software\devtool\maven\repository\com\vaadin\external\google\android-json\0.0.20131108.vaadin1\android-json-0.0.20131108.vaadin1.jar;D:\software\devtool\maven\repository\org\springframework\spring-core\4.3.22.RELEASE\spring-core-4.3.22.RELEASE.jar;D:\software\devtool\maven\repository\org\springframework\spring-test\4.3.22.RELEASE\spring-test-4.3.22.RELEASE.jar;D:\software\devtool\maven\repository\org\apache\commons\commons-lang3\3.8.1\commons-lang3-3.8.1.jar;, user.name=ziyin, java.vm.specification.version=1.8, sun.java.command=F:\workspace\task\target\surefire\surefirebooter8753182569321309684.jar F:\workspace\task\target\surefire\surefire6760133577335593893tmp F:\workspace\task\target\surefire\surefire_03991051053211360423tmp, java.home=D:\software\devtool\jdk8\jre, sun.arch.data.model=64, user.language=zh, java.specification.vendor=Oracle Corporation, awt.toolkit=sun.awt.windows.WToolkit, java.vm.info=mixed mode, java.version=1.8.0_121, java.ext.dirs=D:\software\devtool\jdk8\jre\lib\ext;C:\WINDOWS\Sun\Java\lib\ext, sun.boot.class.path=D:\software\devtool\jdk8\jre\lib\resources.jar;D:\software\devtool\jdk8\jre\lib\rt.jar;D:\software\devtool\jdk8\jre\lib\sunrsasign.jar;D:\software\devtool\jdk8\jre\lib\jsse.jar;D:\software\devtool\jdk8\jre\lib\jce.jar;D:\software\devtool\jdk8\jre\lib\charsets.jar;D:\software\devtool\jdk8\jre\lib\jfr.jar;D:\software\devtool\jdk8\jre\classes, java.vendor=Oracle Corporation, localRepository=D:\software\devtool\maven\repository, file.separator=\, java.vendor.url.bug=http://bugreport.sun.com/bugreport/, sun.io.unicode.encoding=UnicodeLittle, sun.cpu.endian=little, sun.desktop=windows, sun.cpu.isalist=amd64}}, SystemEnvironmentPropertySource@2007331442 {name='systemEnvironment', properties={PATH=C:\Program Files (x86)\Intel\Intel(R) Management Engine Components\iCLS\;C:\Program Files\Intel\Intel(R) Management Engine Components\iCLS\;C:\Windows\system32;C:\Windows;C:\Windows\System32\Wbem;C:\Windows\System32\WindowsPowerShell\v1.0\;C:\Program Files (x86)\Intel\Intel(R) Management Engine Components\DAL;C:\Program Files\Intel\Intel(R) Management Engine Components\DAL;C:\Program Files (x86)\Intel\Intel(R) Management Engine Components\IPT;C:\Program Files\Intel\Intel(R) Management Engine Components\IPT;C:\Program Files (x86)\NVIDIA Corporation\PhysX\Common;C:\Program Files\Intel\WiFi\bin\;C:\Program Files\Common Files\Intel\WirelessCommon\;D:\software\devtool\jdk8\bin;D:\software\pre_devKit\development\git\Git\bin;D:\software\pre_devKit\development\hadoop_native_bin\bin;D:\software\devtool\secureCRT\;D:\software\devtool\maven\apache-maven-3.5.4\bin\;D:\software\devtool\mysql\bin;D:\software\devtool\gradle\gradle-4.9\bin;D:\software\devtool\groovy\groovy-2.5.1\bin;D:\software\devtool\rational\common;C:\WINDOWS\system32;C:\WINDOWS;C:\WINDOWS\System32\Wbem;C:\WINDOWS\System32\WindowsPowerShell\v1.0\;C:\WINDOWS\System32\OpenSSH\;C:\Program Files (x86)\Calibre2\;D:\software\devtool\btrace\bin;D:\software\devtool\vagrant\bin;D:\software\devtool\thrift;D:\software\devtool\python3;D:\software\devtool\git\Git\cmd;D:\software\devtool\mysql5.5\bin;C:\Program Files (x86)\Pandoc\;D:\software\devtool\python3\Scripts\;D:\software\devtool\python3\;C:\Users\ziyin\AppData\Local\Microsoft\WindowsApps;;D:\software\devtool\VisualStudioCode\Microsoft VS Code\bin, USERDOMAIN_ROAMINGPROFILE=DESKTOP-INI8UDT, GIT_HOME=D:\software\pre_devKit\development\git\Git, PROCESSOR_LEVEL=6, SYSTEMDRIVE=C:, SESSIONNAME=Console, ALLUSERSPROFILE=C:\ProgramData, PROCESSOR_ARCHITECTURE=AMD64, DRIVERDATA=C:\Windows\System32\Drivers\DriverData, PROGRAMFILES=C:\Program Files, MOZ_PLUGIN_PATH=D:\software\development\fuxinpdf\Foxit Reader\plugins\, PSMODULEPATH=C:\Program Files\WindowsPowerShell\Modules;C:\WINDOWS\system32\WindowsPowerShell\v1.0\Modules, PROGRAMDATA=C:\ProgramData, USERNAME=ziyin, FPS_BROWSER_USER_PROFILE_STRING=Default, ONEDRIVE=C:\Users\ziyin\OneDrive, CONFIGSETROOT=C:\WINDOWS\ConfigSetRoot, PATHEXT=.COM;.EXE;.BAT;.CMD;.VBS;.VBE;.JS;.JSE;.WSF;.WSH;.MSC, WINDIR=C:\WINDOWS, =F:=F:\workspace\task, HOMEPATH=\Users\ziyin, PROCESSOR_IDENTIFIER=Intel64 Family 6 Model 158 Stepping 10, GenuineIntel, HADOOP_HOME=D:\software\pre_devKit\development\hadoop_native_bin, M2_HOME=D:\software\devtool\maven\apache-maven-3.5.4, PUBLIC=C:\Users\Public, =::=::\, LOCALAPPDATA=C:\Users\ziyin\AppData\Local, COMMONPROGRAMFILES(X86)=C:\Program Files (x86)\Common Files, USERDOMAIN=DESKTOP-INI8UDT, FPS_BROWSER_APP_PROFILE_STRING=Internet Explorer, LOGONSERVER=\\DESKTOP-INI8UDT, JAVA_HOME=D:\software\devtool\jdk8, PROMPT=$P$G, PROGRAMFILES(X86)=C:\Program Files (x86), ASL.LOG=Destination=file, GRADLE_HOME=D:\software\devtool\gradle\gradle-4.9, GROOVY_HOME=D:\software\devtool\groovy\groovy-2.5.1, APPDATA=C:\Users\ziyin\AppData\Roaming, PROGRAMW6432=C:\Program Files, SYSTEMROOT=C:\WINDOWS, THRIFT_HOME=D:\software\devtool\thrift, VBOX_MSI_INSTALL_PATH=D:\software\devtool\virtualbox\, OS=Windows_NT, COMMONPROGRAMW6432=C:\Program Files\Common Files, COMPUTERNAME=DESKTOP-INI8UDT, COMMONPROGRAMFILES=C:\Program Files\Common Files, COMSPEC=C:\WINDOWS\system32\cmd.exe, PROCESSOR_REVISION=9e0a, TEMP=C:\Users\ziyin\AppData\Local\Temp, HOMEDRIVE=C:, USERPROFILE=C:\Users\ziyin, TMP=C:\Users\ziyin\AppData\Local\Temp, BTRACE_HOME=D:\software\devtool\btrace, NUMBER_OF_PROCESSORS=12}}]
10:53:19.281 [main] INFO org.springframework.boot.test.context.SpringBootTestContextBootstrapper - Found @SpringBootConfiguration com.itheima.task.TaskApplication for test class com.itheima.task.TaskApplicationTests
10:53:19.283 [main] DEBUG org.springframework.boot.test.context.SpringBootTestContextBootstrapper - @TestExecutionListeners is not present for class [com.itheima.task.TaskApplicationTests]: using defaults.
10:53:19.285 [main] INFO org.springframework.boot.test.context.SpringBootTestContextBootstrapper - Loaded default TestExecutionListener class names from location [META-INF/spring.factories]: [org.springframework.boot.test.mock.mockito.MockitoTestExecutionListener, org.springframework.boot.test.mock.mockito.ResetMocksTestExecutionListener, org.springframework.boot.test.autoconfigure.restdocs.RestDocsTestExecutionListener, org.springframework.boot.test.autoconfigure.web.client.MockRestServiceServerResetTestExecutionListener, org.springframework.boot.test.autoconfigure.web.servlet.MockMvcPrintOnlyOnFailureTestExecutionListener, org.springframework.boot.test.autoconfigure.web.servlet.WebDriverTestExecutionListener, org.springframework.test.context.web.ServletTestExecutionListener, org.springframework.test.context.support.DirtiesContextBeforeModesTestExecutionListener, org.springframework.test.context.support.DependencyInjectionTestExecutionListener, org.springframework.test.context.support.DirtiesContextTestExecutionListener, org.springframework.test.context.transaction.TransactionalTestExecutionListener, org.springframework.test.context.jdbc.SqlScriptsTestExecutionListener]
10:53:19.286 [main] DEBUG org.springframework.boot.test.context.SpringBootTestContextBootstrapper - Could not instantiate TestExecutionListener [org.springframework.test.context.transaction.TransactionalTestExecutionListener]. Specify custom listener classes or make the default listener classes (and their required dependencies) available. Offending class: [org/springframework/transaction/interceptor/TransactionAttributeSource]
10:53:19.287 [main] DEBUG org.springframework.boot.test.context.SpringBootTestContextBootstrapper - Could not instantiate TestExecutionListener [org.springframework.test.context.jdbc.SqlScriptsTestExecutionListener]. Specify custom listener classes or make the default listener classes (and their required dependencies) available. Offending class: [org/springframework/transaction/interceptor/TransactionAttribute]
10:53:19.287 [main] INFO org.springframework.boot.test.context.SpringBootTestContextBootstrapper - Using TestExecutionListeners: [org.springframework.test.context.web.ServletTestExecutionListener@11e21d0e, org.springframework.test.context.support.DirtiesContextBeforeModesTestExecutionListener@1dd02175, org.springframework.boot.test.mock.mockito.MockitoTestExecutionListener@31206beb, org.springframework.boot.test.autoconfigure.SpringBootDependencyInjectionTestExecutionListener@3e77a1ed, org.springframework.test.context.support.DirtiesContextTestExecutionListener@3ffcd140, org.springframework.boot.test.mock.mockito.ResetMocksTestExecutionListener@23bb8443, org.springframework.boot.test.autoconfigure.restdocs.RestDocsTestExecutionListener@1176dcec, org.springframework.boot.test.autoconfigure.web.client.MockRestServiceServerResetTestExecutionListener@120d6fe6, org.springframework.boot.test.autoconfigure.web.servlet.MockMvcPrintOnlyOnFailureTestExecutionListener@4ba2ca36, org.springframework.boot.test.autoconfigure.web.servlet.WebDriverTestExecutionListener@3444d69d]
10:53:19.287 [main] DEBUG org.springframework.test.annotation.ProfileValueUtils - Retrieved @ProfileValueSourceConfiguration [null] for test class [com.itheima.task.TaskApplicationTests]
10:53:19.287 [main] DEBUG org.springframework.test.annotation.ProfileValueUtils - Retrieved ProfileValueSource type [class org.springframework.test.annotation.SystemProfileValueSource] for class [com.itheima.task.TaskApplicationTests]
10:53:19.287 [main] DEBUG org.springframework.test.annotation.ProfileValueUtils - Retrieved @ProfileValueSourceConfiguration [null] for test class [com.itheima.task.TaskApplicationTests]
10:53:19.288 [main] DEBUG org.springframework.test.annotation.ProfileValueUtils - Retrieved ProfileValueSource type [class org.springframework.test.annotation.SystemProfileValueSource] for class [com.itheima.task.TaskApplicationTests]
10:53:19.290 [main] DEBUG org.springframework.test.context.support.AbstractDirtiesContextTestExecutionListener - Before test class: context [DefaultTestContext@1c72da34 testClass = TaskApplicationTests, testInstance = [null], testMethod = [null], testException = [null], mergedContextConfiguration = [WebMergedContextConfiguration@6b0c2d26 testClass = TaskApplicationTests, locations = '{}', classes = '{class com.itheima.task.TaskApplication}', contextInitializerClasses = '[]', activeProfiles = '{}', propertySourceLocations = '{}', propertySourceProperties = '{org.springframework.boot.test.context.SpringBootTestContextBootstrapper=true}', contextCustomizers = set[org.springframework.boot.test.context.SpringBootTestContextCustomizer@60c6f5b, org.springframework.boot.test.context.filter.ExcludeFilterContextCustomizer@31dc339b, org.springframework.boot.test.json.DuplicateJsonObjectContextCustomizerFactory$DuplicateJsonObjectContextCustomizer@71318ec4, org.springframework.boot.test.mock.mockito.MockitoContextCustomizer@0, org.springframework.boot.test.autoconfigure.properties.PropertyMappingContextCustomizer@0, org.springframework.boot.test.autoconfigure.web.servlet.WebDriverContextCustomizerFactory$Customizer@4b4523f8], resourceBasePath = 'src/main/webapp', contextLoader = 'org.springframework.boot.test.context.SpringBootContextLoader', parent = [null]]], class annotated with @DirtiesContext [false] with mode [null].
10:53:19.290 [main] DEBUG org.springframework.test.annotation.ProfileValueUtils - Retrieved @ProfileValueSourceConfiguration [null] for test class [com.itheima.task.TaskApplicationTests]
10:53:19.291 [main] DEBUG org.springframework.test.annotation.ProfileValueUtils - Retrieved ProfileValueSource type [class org.springframework.test.annotation.SystemProfileValueSource] for class [com.itheima.task.TaskApplicationTests]
10:53:19.327 [main] DEBUG org.springframework.core.env.StandardEnvironment - Adding PropertySource 'systemProperties' with lowest search precedence
10:53:19.327 [main] DEBUG org.springframework.core.env.StandardEnvironment - Adding PropertySource 'systemEnvironment' with lowest search precedence
[...]
	at org.springframework.context.annotation.CommonAnnotationBeanPostProcessor$ResourceElement.getResourceToInject(CommonAnnotationBeanPostProcessor.java:627) ~[spring-context-4.3.22.RELEASE.jar:4.3.22.RELEASE]
	at org.springframework.beans.factory.annotation.InjectionMetadata$InjectedElement.inject(InjectionMetadata.java:171) ~[spring-beans-4.3.22.RELEASE.jar:4.3.22.RELEASE]
	at org.springframework.beans.factory.annotation.InjectionMetadata.inject(InjectionMetadata.java:87) ~[spring-beans-4.3.22.RELEASE.jar:4.3.22.RELEASE]
	at org.springframework.context.annotation.CommonAnnotationBeanPostProcessor.postProcessPropertyValues(CommonAnnotationBeanPostProcessor.java:318) ~[spring-context-4.3.22.RELEASE.jar:4.3.22.RELEASE]
	... 42 common frames omitted
Caused by: java.lang.IllegalArgumentException: Circular placeholder reference 'task.ip' in property definitions
	at org.springframework.util.PropertyPlaceholderHelper.parseStringValue(PropertyPlaceholderHelper.java:141) ~[spring-core-4.3.22.RELEASE.jar:4.3.22.RELEASE]
	at org.springframework.util.PropertyPlaceholderHelper.parseStringValue(PropertyPlaceholderHelper.java:162) ~[spring-core-4.3.22.RELEASE.jar:4.3.22.RELEASE]
	at org.springframework.util.PropertyPlaceholderHelper.replacePlaceholders(PropertyPlaceholderHelper.java:126) ~[spring-core-4.3.22.RELEASE.jar:4.3.22.RELEASE]
	at org.springframework.core.env.AbstractPropertyResolver.doResolvePlaceholders(AbstractPropertyResolver.java:236) ~[spring-core-4.3.22.RELEASE.jar:4.3.22.RELEASE]
	at org.springframework.core.env.AbstractPropertyResolver.resolveRequiredPlaceholders(AbstractPropertyResolver.java:210) ~[spring-core-4.3.22.RELEASE.jar:4.3.22.RELEASE]
	at org.springframework.core.env.AbstractPropertyResolver.resolveNestedPlaceholders(AbstractPropertyResolver.java:227) ~[spring-core-4.3.22.RELEASE.jar:4.3.22.RELEASE]
	at org.springframework.core.env.PropertySourcesPropertyResolver.getProperty(PropertySourcesPropertyResolver.java:84) ~[spring-core-4.3.22.RELEASE.jar:4.3.22.RELEASE]
	at org.springframework.core.env.PropertySourcesPropertyResolver.getProperty(PropertySourcesPropertyResolver.java:61) ~[spring-core-4.3.22.RELEASE.jar:4.3.22.RELEASE]
	at org.springframework.core.env.AbstractEnvironment.getProperty(AbstractEnvironment.java:531) ~[spring-core-4.3.22.RELEASE.jar:4.3.22.RELEASE]
	at org.springframework.context.support.PropertySourcesPlaceholderConfigurer$1.getProperty(PropertySourcesPlaceholderConfigurer.java:132) ~[spring-context-4.3.22.RELEASE.jar:4.3.22.RELEASE]
	at org.springframework.context.support.PropertySourcesPlaceholderConfigurer$1.getProperty(PropertySourcesPlaceholderConfigurer.java:129) ~[spring-context-4.3.22.RELEASE.jar:4.3.22.RELEASE]
	at org.springframework.core.env.PropertySourcesPropertyResolver.getProperty(PropertySourcesPropertyResolver.java:81) ~[spring-core-4.3.22.RELEASE.jar:4.3.22.RELEASE]
	at org.springframework.core.env.PropertySourcesPropertyResolver.getPropertyAsRawString(PropertySourcesPropertyResolver.java:71) ~[spring-core-4.3.22.RELEASE.jar:4.3.22.RELEASE]
	at org.springframework.core.env.AbstractPropertyResolver$1.resolvePlaceholder(AbstractPropertyResolver.java:239) ~[spring-core-4.3.22.RELEASE.jar:4.3.22.RELEASE]
	at org.springframework.util.PropertyPlaceholderHelper.parseStringValue(PropertyPlaceholderHelper.java:147) ~[spring-core-4.3.22.RELEASE.jar:4.3.22.RELEASE]
	at org.springframework.util.PropertyPlaceholderHelper.replacePlaceholders(PropertyPlaceholderHelper.java:126) ~[spring-core-4.3.22.RELEASE.jar:4.3.22.RELEASE]
	at org.springframework.core.env.AbstractPropertyResolver.doResolvePlaceholders(AbstractPropertyResolver.java:236) ~[spring-core-4.3.22.RELEASE.jar:4.3.22.RELEASE]
	at org.springframework.core.env.AbstractPropertyResolver.resolveRequiredPlaceholders(AbstractPropertyResolver.java:210) ~[spring-core-4.3.22.RELEASE.jar:4.3.22.RELEASE]
	at org.springframework.context.support.PropertySourcesPlaceholderConfigurer$2.resolveStringValue(PropertySourcesPlaceholderConfigurer.java:172) ~[spring-context-4.3.22.RELEASE.jar:4.3.22.RELEASE]
	at org.springframework.beans.factory.support.AbstractBeanFactory.resolveEmbeddedValue(AbstractBeanFactory.java:846) ~[spring-beans-4.3.22.RELEASE.jar:4.3.22.RELEASE]
	at org.springframework.beans.factory.support.DefaultListableBeanFactory.doResolveDependency(DefaultListableBeanFactory.java:1084) ~[spring-beans-4.3.22.RELEASE.jar:4.3.22.RELEASE]
	at org.springframework.beans.factory.support.DefaultListableBeanFactory.resolveDependency(DefaultListableBeanFactory.java:1064) ~[spring-beans-4.3.22.RELEASE.jar:4.3.22.RELEASE]
	at org.springframework.beans.factory.annotation.AutowiredAnnotationBeanPostProcessor$AutowiredFieldElement.inject(AutowiredAnnotationBeanPostProcessor.java:583) ~[spring-beans-4.3.22.RELEASE.jar:4.3.22.RELEASE]
	at org.springframework.beans.factory.annotation.InjectionMetadata.inject(InjectionMetadata.java:87) ~[spring-beans-4.3.22.RELEASE.jar:4.3.22.RELEASE]
	at org.springframework.beans.factory.annotation.AutowiredAnnotationBeanPostProcessor.postProcessPropertyValues(AutowiredAnnotationBeanPostProcessor.java:364) ~[spring-beans-4.3.22.RELEASE.jar:4.3.22.RELEASE]
	... 55 common frames omitted

2019-03-24 10:53:20.038 ERROR 14096 --- [           main] o.s.test.context.TestContextManager      : Caught exception while allowing TestExecutionListener [org.springframework.test.context.web.ServletTestExecutionListener@11e21d0e] to prepare test instance [com.itheima.task.TaskApplicationTests@422c3c7a]

java.lang.IllegalStateException: Failed to load ApplicationContext
	at org.springframework.test.context.cache.DefaultCacheAwareContextLoaderDelegate.loadContext(DefaultCacheAwareContextLoaderDelegate.java:124) ~[spring-test-4.3.22.RELEASE.jar:4.3.22.RELEASE]
	at org.springframework.test.context.support.DefaultTestContext.getApplicationContext(DefaultTestContext.java:83) ~[spring-test-4.3.22.RELEASE.jar:4.3.22.RELEASE]
	at org.springframework.test.context.web.ServletTestExecutionListener.setUpRequestContextIfNecessary(ServletTestExecutionListener.java:189) ~[spring-test-4.3.22.RELEASE.jar:4.3.22.RELEASE]
	at org.springframework.test.context.web.ServletTestExecutionListener.prepareTestInstance(ServletTestExecutionListener.java:131) ~[spring-test-4.3.22.RELEASE.jar:4.3.22.RELEASE]
	at org.springframework.test.context.TestContextManager.prepareTestInstance(TestContextManager.java:230) ~[spring-test-4.3.22.RELEASE.jar:4.3.22.RELEASE]
	at org.springframework.test.context.junit4.SpringJUnit4ClassRunner.createTest(SpringJUnit4ClassRunner.java:228) [spring-test-4.3.22.RELEASE.jar:4.3.22.RELEASE]
	at org.springframework.test.context.junit4.SpringJUnit4ClassRunner$1.runReflectiveCall(SpringJUnit4ClassRunner.java:287) [spring-test-4.3.22.RELEASE.jar:4.3.22.RELEASE]
	at org.junit.internal.runners.model.ReflectiveCallable.run(ReflectiveCallable.java:12) [junit-4.12.jar:4.12]
	at org.springframework.test.context.junit4.SpringJUnit4ClassRunner.methodBlock(SpringJUnit4ClassRunner.java:289) [spring-test-4.3.22.RELEASE.jar:4.3.22.RELEASE]
	at org.springframework.test.context.junit4.SpringJUnit4ClassRunner.runChild(SpringJUnit4ClassRunner.java:247) [spring-test-4.3.22.RELEASE.jar:4.3.22.RELEASE]
	at org.springframework.test.context.junit4.SpringJUnit4ClassRunner.runChild(SpringJUnit4ClassRunner.java:94) [spring-test-4.3.22.RELEASE.jar:4.3.22.RELEASE]
	at org.junit.runners.ParentRunner$3.run(ParentRunner.java:290) [junit-4.12.jar:4.12]
	at org.junit.runners.ParentRunner$1.schedule(ParentRunner.java:71) [junit-4.12.jar:4.12]
	at org.junit.runners.ParentRunner.runChildren(ParentRunner.java:288) [junit-4.12.jar:4.12]
	at org.junit.runners.ParentRunner.access$000(ParentRunner.java:58) [junit-4.12.jar:4.12]
	at org.junit.runners.ParentRunner$2.evaluate(ParentRunner.java:268) [junit-4.12.jar:4.12]
	at org.springframework.test.context.junit4.statements.RunBeforeTestClassCallbacks.evaluate(RunBeforeTestClassCallbacks.java:61) [spring-test-4.3.22.RELEASE.jar:4.3.22.RELEASE]
	at org.springframework.test.context.junit4.statements.RunAfterTestClassCallbacks.evaluate(RunAfterTestClassCallbacks.java:70) [spring-test-4.3.22.RELEASE.jar:4.3.22.RELEASE]
	at org.junit.runners.ParentRunner.run(ParentRunner.java:363) [junit-4.12.jar:4.12]
	at org.springframework.test.context.junit4.SpringJUnit4ClassRunner.run(SpringJUnit4ClassRunner.java:191) [spring-test-4.3.22.RELEASE.jar:4.3.22.RELEASE]
	at org.apache.maven.surefire.junit4.JUnit4Provider.execute(JUnit4Provider.java:283) [surefire-junit4-2.18.1.jar:2.18.1]
	at org.apache.maven.surefire.junit4.JUnit4Provider.executeWithRerun(JUnit4Provider.java:173) [surefire-junit4-2.18.1.jar:2.18.1]
	at org.apache.maven.surefire.junit4.JUnit4Provider.executeTestSet(JUnit4Provider.java:153) [surefire-junit4-2.18.1.jar:2.18.1]
	at org.apache.maven.surefire.junit4.JUnit4Provider.invoke(JUnit4Provider.java:128) [surefire-junit4-2.18.1.jar:2.18.1]
	at org.apache.maven.surefire.booter.ForkedBooter.invokeProviderInSameClassLoader(ForkedBooter.java:203) [surefire-booter-2.18.1.jar:2.18.1]
	at org.apache.maven.surefire.booter.ForkedBooter.runSuitesInProcess(ForkedBooter.java:155) [surefire-booter-2.18.1.jar:2.18.1]
	at org.apache.maven.surefire.booter.ForkedBooter.main(ForkedBooter.java:103) [surefire-booter-2.18.1.jar:2.18.1]
Caused by: org.springframework.beans.factory.BeanCreationException: Error creating bean with name 'myTask': Injection of resource dependencies failed; nested exception is org.springframework.beans.factory.BeanCreationException: Error creating bean with name 'taskConfig': Injection of autowired dependencies failed; nested exception is java.lang.IllegalArgumentException: Circular placeholder reference 'task.ip' in property definitions
	at org.springframework.context.annotation.CommonAnnotationBeanPostProcessor.postProcessPropertyValues(CommonAnnotationBeanPostProcessor.java:321) ~[spring-context-4.3.22.RELEASE.jar:4.3.22.RELEASE]
	at org.springframework.beans.factory.support.AbstractAutowireCapableBeanFactory.populateBean(AbstractAutowireCapableBeanFactory.java:1269) ~[spring-beans-4.3.22.RELEASE.jar:4.3.22.RELEASE]
	at org.springframework.beans.factory.support.AbstractAutowireCapableBeanFactory.doCreateBean(AbstractAutowireCapableBeanFactory.java:551) ~[spring-beans-4.3.22.RELEASE.jar:4.3.22.RELEASE]
	at org.springframework.beans.factory.support.AbstractAutowireCapableBeanFactory.createBean(AbstractAutowireCapableBeanFactory.java:481) ~[spring-beans-4.3.22.RELEASE.jar:4.3.22.RELEASE]
	at org.springframework.beans.factory.support.AbstractBeanFactory$1.getObject(AbstractBeanFactory.java:312) ~[spring-beans-4.3.22.RELEASE.jar:4.3.22.RELEASE]
	at org.springframework.beans.factory.support.DefaultSingletonBeanRegistry.getSingleton(DefaultSingletonBeanRegistry.java:230) ~[spring-beans-4.3.22.RELEASE.jar:4.3.22.RELEASE]
	at org.springframework.beans.factory.support.AbstractBeanFactory.doGetBean(AbstractBeanFactory.java:308) ~[spring-beans-4.3.22.RELEASE.jar:4.3.22.RELEASE]
	at org.springframework.beans.factory.support.AbstractBeanFactory.getBean(AbstractBeanFactory.java:197) ~[spring-beans-4.3.22.RELEASE.jar:4.3.22.RELEASE]
	at org.springframework.beans.factory.support.DefaultListableBeanFactory.preInstantiateSingletons(DefaultListableBeanFactory.java:761) ~[spring-beans-4.3.22.RELEASE.jar:4.3.22.RELEASE]
	at org.springframework.context.support.AbstractApplicationContext.finishBeanFactoryInitialization(AbstractApplicationContext.java:867) ~[spring-context-4.3.22.RELEASE.jar:4.3.22.RELEASE]
	at org.springframework.context.support.AbstractApplicationContext.refresh(AbstractApplicationContext.java:543) ~[spring-context-4.3.22.RELEASE.jar:4.3.22.RELEASE]
	at org.springframework.boot.SpringApplication.refresh(SpringApplication.java:693) ~[spring-boot-1.5.19.RELEASE.jar:1.5.19.RELEASE]
	at org.springframework.boot.SpringApplication.refreshContext(SpringApplication.java:360) ~[spring-boot-1.5.19.RELEASE.jar:1.5.19.RELEASE]
	at org.springframework.boot.SpringApplication.run(SpringApplication.java:303) ~[spring-boot-1.5.19.RELEASE.jar:1.5.19.RELEASE]
	at org.springframework.boot.test.context.SpringBootContextLoader.loadContext(SpringBootContextLoader.java:121) ~[spring-boot-test-1.5.19.RELEASE.jar:1.5.19.RELEASE]
	at org.springframework.test.context.cache.DefaultCacheAwareContextLoaderDelegate.loadContextInternal(DefaultCacheAwareContextLoaderDelegate.java:98) ~[spring-test-4.3.22.RELEASE.jar:4.3.22.RELEASE]
	at org.springframework.test.context.cache.DefaultCacheAwareContextLoaderDelegate.loadContext(DefaultCacheAwareContextLoaderDelegate.java:116) ~[spring-test-4.3.22.RELEASE.jar:4.3.22.RELEASE]
	... 26 common frames omitted
Caused by: org.springframework.beans.factory.BeanCreationException: Error creating bean with name 'taskConfig': Injection of autowired dependencies failed; nested exception is java.lang.IllegalArgumentException: Circular placeholder reference 'task.ip' in property definitions
	at org.springframework.beans.factory.annotation.AutowiredAnnotationBeanPostProcessor.postProcessPropertyValues(AutowiredAnnotationBeanPostProcessor.java:370) ~[spring-beans-4.3.22.RELEASE.jar:4.3.22.RELEASE]
	at org.springframework.beans.factory.support.AbstractAutowireCapableBeanFactory.populateBean(AbstractAutowireCapableBeanFactory.java:1269) ~[spring-beans-4.3.22.RELEASE.jar:4.3.22.RELEASE]
	at org.springframework.beans.factory.support.AbstractAutowireCapableBeanFactory.doCreateBean(AbstractAutowireCapableBeanFactory.java:551) ~[spring-beans-4.3.22.RELEASE.jar:4.3.22.RELEASE]
	at org.springframework.beans.factory.support.AbstractAutowireCapableBeanFactory.createBean(AbstractAutowireCapableBeanFactory.java:481) ~[spring-beans-4.3.22.RELEASE.jar:4.3.22.RELEASE]
	at org.springframework.beans.factory.support.AbstractBeanFactory$1.getObject(AbstractBeanFactory.java:312) ~[spring-beans-4.3.22.RELEASE.jar:4.3.22.RELEASE]
	at org.springframework.beans.factory.support.DefaultSingletonBeanRegistry.getSingleton(DefaultSingletonBeanRegistry.java:230) ~[spring-beans-4.3.22.RELEASE.jar:4.3.22.RELEASE]
	at org.springframework.beans.factory.support.AbstractBeanFactory.doGetBean(AbstractBeanFactory.java:308) ~[spring-beans-4.3.22.RELEASE.jar:4.3.22.RELEASE]
	at org.springframework.beans.factory.support.AbstractBeanFactory.getBean(AbstractBeanFactory.java:202) ~[spring-beans-4.3.22.RELEASE.jar:4.3.22.RELEASE]
	at org.springframework.context.annotation.CommonAnnotationBeanPostProcessor.autowireResource(CommonAnnotationBeanPostProcessor.java:522) ~[spring-context-4.3.22.RELEASE.jar:4.3.22.RELEASE]
	at org.springframework.context.annotation.CommonAnnotationBeanPostProcessor.getResource(CommonAnnotationBeanPostProcessor.java:496) ~[spring-context-4.3.22.RELEASE.jar:4.3.22.RELEASE]
	at org.springframework.context.annotation.CommonAnnotationBeanPostProcessor$ResourceElement.getResourceToInject(CommonAnnotationBeanPostProcessor.java:627) ~[spring-context-4.3.22.RELEASE.jar:4.3.22.RELEASE]
	at org.springframework.beans.factory.annotation.InjectionMetadata$InjectedElement.inject(InjectionMetadata.java:171) ~[spring-beans-4.3.22.RELEASE.jar:4.3.22.RELEASE]
	at org.springframework.beans.factory.annotation.InjectionMetadata.inject(InjectionMetadata.java:87) ~[spring-beans-4.3.22.RELEASE.jar:4.3.22.RELEASE]
	at org.springframework.context.annotation.CommonAnnotationBeanPostProcessor.postProcessPropertyValues(CommonAnnotationBeanPostProcessor.java:318) ~[spring-context-4.3.22.RELEASE.jar:4.3.22.RELEASE]
	... 42 common frames omitted
Caused by: java.lang.IllegalArgumentException: Circular placeholder reference 'task.ip' in property definitions
	at org.springframework.util.PropertyPlaceholderHelper.parseStringValue(PropertyPlaceholderHelper.java:141) ~[spring-core-4.3.22.RELEASE.jar:4.3.22.RELEASE]
	at org.springframework.util.PropertyPlaceholderHelper.parseStringValue(PropertyPlaceholderHelper.java:162) ~[spring-core-4.3.22.RELEASE.jar:4.3.22.RELEASE]
	at org.springframework.util.PropertyPlaceholderHelper.replacePlaceholders(PropertyPlaceholderHelper.java:126) ~[spring-core-4.3.22.RELEASE.jar:4.3.22.RELEASE]
	at org.springframework.core.env.AbstractPropertyResolver.doResolvePlaceholders(AbstractPropertyResolver.java:236) ~[spring-core-4.3.22.RELEASE.jar:4.3.22.RELEASE]
	at org.springframework.core.env.AbstractPropertyResolver.resolveRequiredPlaceholders(AbstractPropertyResolver.java:210) ~[spring-core-4.3.22.RELEASE.jar:4.3.22.RELEASE]
	at org.springframework.core.env.AbstractPropertyResolver.resolveNestedPlaceholders(AbstractPropertyResolver.java:227) ~[spring-core-4.3.22.RELEASE.jar:4.3.22.RELEASE]
	at org.springframework.core.env.PropertySourcesPropertyResolver.getProperty(PropertySourcesPropertyResolver.java:84) ~[spring-core-4.3.22.RELEASE.jar:4.3.22.RELEASE]
	at org.springframework.core.env.PropertySourcesPropertyResolver.getProperty(PropertySourcesPropertyResolver.java:61) ~[spring-core-4.3.22.RELEASE.jar:4.3.22.RELEASE]
	at org.springframework.core.env.AbstractEnvironment.getProperty(AbstractEnvironment.java:531) ~[spring-core-4.3.22.RELEASE.jar:4.3.22.RELEASE]
	at org.springframework.context.support.PropertySourcesPlaceholderConfigurer$1.getProperty(PropertySourcesPlaceholderConfigurer.java:132) ~[spring-context-4.3.22.RELEASE.jar:4.3.22.RELEASE]
	at org.springframework.context.support.PropertySourcesPlaceholderConfigurer$1.getProperty(PropertySourcesPlaceholderConfigurer.java:129) ~[spring-context-4.3.22.RELEASE.jar:4.3.22.RELEASE]
	at org.springframework.core.env.PropertySourcesPropertyResolver.getProperty(PropertySourcesPropertyResolver.java:81) ~[spring-core-4.3.22.RELEASE.jar:4.3.22.RELEASE]
	at org.springframework.core.env.PropertySourcesPropertyResolver.getPropertyAsRawString(PropertySourcesPropertyResolver.java:71) ~[spring-core-4.3.22.RELEASE.jar:4.3.22.RELEASE]
	at org.springframework.core.env.AbstractPropertyResolver$1.resolvePlaceholder(AbstractPropertyResolver.java:239) ~[spring-core-4.3.22.RELEASE.jar:4.3.22.RELEASE]
	at org.springframework.util.PropertyPlaceholderHelper.parseStringValue(PropertyPlaceholderHelper.java:147) ~[spring-core-4.3.22.RELEASE.jar:4.3.22.RELEASE]
	at org.springframework.util.PropertyPlaceholderHelper.replacePlaceholders(PropertyPlaceholderHelper.java:126) ~[spring-core-4.3.22.RELEASE.jar:4.3.22.RELEASE]
	at org.springframework.core.env.AbstractPropertyResolver.doResolvePlaceholders(AbstractPropertyResolver.java:236) ~[spring-core-4.3.22.RELEASE.jar:4.3.22.RELEASE]
	at org.springframework.core.env.AbstractPropertyResolver.resolveRequiredPlaceholders(AbstractPropertyResolver.java:210) ~[spring-core-4.3.22.RELEASE.jar:4.3.22.RELEASE]
	at org.springframework.context.support.PropertySourcesPlaceholderConfigurer$2.resolveStringValue(PropertySourcesPlaceholderConfigurer.java:172) ~[spring-context-4.3.22.RELEASE.jar:4.3.22.RELEASE]
	at org.springframework.beans.factory.support.AbstractBeanFactory.resolveEmbeddedValue(AbstractBeanFactory.java:846) ~[spring-beans-4.3.22.RELEASE.jar:4.3.22.RELEASE]
	at org.springframework.beans.factory.support.DefaultListableBeanFactory.doResolveDependency(DefaultListableBeanFactory.java:1084) ~[spring-beans-4.3.22.RELEASE.jar:4.3.22.RELEASE]
	at org.springframework.beans.factory.support.DefaultListableBeanFactory.resolveDependency(DefaultListableBeanFactory.java:1064) ~[spring-beans-4.3.22.RELEASE.jar:4.3.22.RELEASE]
	at org.springframework.beans.factory.annotation.AutowiredAnnotationBeanPostProcessor$AutowiredFieldElement.inject(AutowiredAnnotationBeanPostProcessor.java:583) ~[spring-beans-4.3.22.RELEASE.jar:4.3.22.RELEASE]
	at org.springframework.beans.factory.annotation.InjectionMetadata.inject(InjectionMetadata.java:87) ~[spring-beans-4.3.22.RELEASE.jar:4.3.22.RELEASE]
	at org.springframework.beans.factory.annotation.AutowiredAnnotationBeanPostProcessor.postProcessPropertyValues(AutowiredAnnotationBeanPostProcessor.java:364) ~[spring-beans-4.3.22.RELEASE.jar:4.3.22.RELEASE]
	... 55 common frames omitted

]]></system-out>
  </testcase>
</testsuite>